{"C:\\Users\\kkaro\\OneDrive - Thomas More\\SecondYear2nd\\Web Programming\\airbnb_for_camping\\airbnb_backend\\app.js": {"path":"C:\\Users\\kkaro\\OneDrive - Thomas More\\SecondYear2nd\\Web Programming\\airbnb_for_camping\\airbnb_backend\\app.js","statementMap":{"0":{"start":{"line":1,"column":20},"end":{"line":1,"column":42}},"1":{"start":{"line":2,"column":16},"end":{"line":2,"column":34}},"2":{"start":{"line":3,"column":13},"end":{"line":3,"column":28}},"3":{"start":{"line":4,"column":21},"end":{"line":4,"column":45}},"4":{"start":{"line":5,"column":15},"end":{"line":5,"column":32}},"5":{"start":{"line":6,"column":25},"end":{"line":6,"column":50}},"6":{"start":{"line":7,"column":13},"end":{"line":7,"column":28}},"7":{"start":{"line":9,"column":15},"end":{"line":9,"column":33}},"8":{"start":{"line":12,"column":20},"end":{"line":12,"column":45}},"9":{"start":{"line":13,"column":22},"end":{"line":13,"column":49}},"10":{"start":{"line":14,"column":19},"end":{"line":14,"column":44}},"11":{"start":{"line":15,"column":24},"end":{"line":15,"column":53}},"12":{"start":{"line":16,"column":23},"end":{"line":16,"column":51}},"13":{"start":{"line":18,"column":12},"end":{"line":18,"column":21}},"14":{"start":{"line":21,"column":0},"end":{"line":26,"column":4}},"15":{"start":{"line":29,"column":0},"end":{"line":29,"column":48}},"16":{"start":{"line":30,"column":0},"end":{"line":30,"column":31}},"17":{"start":{"line":32,"column":0},"end":{"line":32,"column":23}},"18":{"start":{"line":33,"column":0},"end":{"line":33,"column":24}},"19":{"start":{"line":34,"column":0},"end":{"line":34,"column":48}},"20":{"start":{"line":35,"column":0},"end":{"line":35,"column":24}},"21":{"start":{"line":36,"column":0},"end":{"line":36,"column":56}},"22":{"start":{"line":39,"column":0},"end":{"line":39,"column":26}},"23":{"start":{"line":40,"column":0},"end":{"line":40,"column":41}},"24":{"start":{"line":41,"column":0},"end":{"line":41,"column":34}},"25":{"start":{"line":42,"column":0},"end":{"line":42,"column":43}},"26":{"start":{"line":43,"column":0},"end":{"line":43,"column":41}},"27":{"start":{"line":46,"column":0},"end":{"line":48,"column":3}},"28":{"start":{"line":47,"column":2},"end":{"line":47,"column":25}},"29":{"start":{"line":51,"column":0},"end":{"line":56,"column":3}},"30":{"start":{"line":52,"column":2},"end":{"line":52,"column":35}},"31":{"start":{"line":53,"column":2},"end":{"line":53,"column":69}},"32":{"start":{"line":54,"column":2},"end":{"line":54,"column":32}},"33":{"start":{"line":55,"column":2},"end":{"line":55,"column":22}},"34":{"start":{"line":58,"column":0},"end":{"line":58,"column":21}}},"fnMap":{"0":{"name":"(anonymous_0)","decl":{"start":{"line":46,"column":8},"end":{"line":46,"column":9}},"loc":{"start":{"line":46,"column":28},"end":{"line":48,"column":1}},"line":46},"1":{"name":"(anonymous_1)","decl":{"start":{"line":51,"column":8},"end":{"line":51,"column":9}},"loc":{"start":{"line":51,"column":33},"end":{"line":56,"column":1}},"line":51}},"branchMap":{"0":{"loc":{"start":{"line":53,"column":21},"end":{"line":53,"column":68}},"type":"cond-expr","locations":[{"start":{"line":53,"column":60},"end":{"line":53,"column":63}},{"start":{"line":53,"column":66},"end":{"line":53,"column":68}}],"line":53},"1":{"loc":{"start":{"line":54,"column":13},"end":{"line":54,"column":30}},"type":"binary-expr","locations":[{"start":{"line":54,"column":13},"end":{"line":54,"column":23}},{"start":{"line":54,"column":27},"end":{"line":54,"column":30}}],"line":54}},"s":{"0":1,"1":1,"2":1,"3":1,"4":1,"5":1,"6":1,"7":1,"8":1,"9":1,"10":1,"11":1,"12":1,"13":1,"14":1,"15":1,"16":1,"17":1,"18":1,"19":1,"20":1,"21":1,"22":1,"23":1,"24":1,"25":1,"26":1,"27":1,"28":1,"29":1,"30":1,"31":1,"32":1,"33":1,"34":1},"f":{"0":1,"1":1},"b":{"0":[0,1],"1":[1,0]},"_coverageSchema":"1a1c01bbd47fc00a2c39e90264f33305004495a9","hash":"aafa18326b7db438886d2b1f915f5d475aeb2031"}
,"C:\\Users\\kkaro\\OneDrive - Thomas More\\SecondYear2nd\\Web Programming\\airbnb_for_camping\\airbnb_backend\\routes\\bookings.js": {"path":"C:\\Users\\kkaro\\OneDrive - Thomas More\\SecondYear2nd\\Web Programming\\airbnb_for_camping\\airbnb_backend\\routes\\bookings.js","statementMap":{"0":{"start":{"line":1,"column":16},"end":{"line":1,"column":34}},"1":{"start":{"line":2,"column":15},"end":{"line":2,"column":31}},"2":{"start":{"line":3,"column":25},"end":{"line":3,"column":50}},"3":{"start":{"line":4,"column":15},"end":{"line":4,"column":33}},"4":{"start":{"line":5,"column":15},"end":{"line":5,"column":63}},"5":{"start":{"line":8,"column":0},"end":{"line":25,"column":3}},"6":{"start":{"line":9,"column":2},"end":{"line":24,"column":3}},"7":{"start":{"line":10,"column":23},"end":{"line":10,"column":31}},"8":{"start":{"line":12,"column":26},"end":{"line":18,"column":6}},"9":{"start":{"line":20,"column":4},"end":{"line":20,"column":60}},"10":{"start":{"line":22,"column":4},"end":{"line":22,"column":50}},"11":{"start":{"line":23,"column":4},"end":{"line":23,"column":71}},"12":{"start":{"line":28,"column":0},"end":{"line":65,"column":3}},"13":{"start":{"line":29,"column":2},"end":{"line":64,"column":3}},"14":{"start":{"line":38,"column":8},"end":{"line":38,"column":16}},"15":{"start":{"line":41,"column":26},"end":{"line":41,"column":81}},"16":{"start":{"line":42,"column":4},"end":{"line":44,"column":5}},"17":{"start":{"line":43,"column":6},"end":{"line":43,"column":71}},"18":{"start":{"line":47,"column":20},"end":{"line":58,"column":6}},"19":{"start":{"line":60,"column":4},"end":{"line":60,"column":34}},"20":{"start":{"line":62,"column":4},"end":{"line":62,"column":52}},"21":{"start":{"line":63,"column":4},"end":{"line":63,"column":64}},"22":{"start":{"line":67,"column":0},"end":{"line":67,"column":24}}},"fnMap":{"0":{"name":"(anonymous_0)","decl":{"start":{"line":8,"column":38},"end":{"line":8,"column":39}},"loc":{"start":{"line":8,"column":58},"end":{"line":25,"column":1}},"line":8},"1":{"name":"(anonymous_1)","decl":{"start":{"line":28,"column":24},"end":{"line":28,"column":25}},"loc":{"start":{"line":28,"column":44},"end":{"line":65,"column":1}},"line":28}},"branchMap":{"0":{"loc":{"start":{"line":42,"column":4},"end":{"line":44,"column":5}},"type":"if","locations":[{"start":{"line":42,"column":4},"end":{"line":44,"column":5}},{"start":{},"end":{}}],"line":42}},"s":{"0":1,"1":1,"2":1,"3":1,"4":1,"5":1,"6":0,"7":0,"8":0,"9":0,"10":0,"11":0,"12":1,"13":0,"14":0,"15":0,"16":0,"17":0,"18":0,"19":0,"20":0,"21":0,"22":1},"f":{"0":0,"1":0},"b":{"0":[0,0]},"_coverageSchema":"1a1c01bbd47fc00a2c39e90264f33305004495a9","hash":"48651a8d45d301d1348120724ddc31c2bddafcd8"}
,"C:\\Users\\kkaro\\OneDrive - Thomas More\\SecondYear2nd\\Web Programming\\airbnb_for_camping\\airbnb_backend\\routes\\campers.js": {"path":"C:\\Users\\kkaro\\OneDrive - Thomas More\\SecondYear2nd\\Web Programming\\airbnb_for_camping\\airbnb_backend\\routes\\campers.js","statementMap":{"0":{"start":{"line":1,"column":16},"end":{"line":1,"column":34}},"1":{"start":{"line":2,"column":15},"end":{"line":2,"column":31}},"2":{"start":{"line":3,"column":25},"end":{"line":3,"column":50}},"3":{"start":{"line":4,"column":15},"end":{"line":4,"column":33}},"4":{"start":{"line":5,"column":46},"end":{"line":5,"column":75}},"5":{"start":{"line":6,"column":19},"end":{"line":6,"column":49}},"6":{"start":{"line":7,"column":15},"end":{"line":7,"column":32}},"7":{"start":{"line":8,"column":15},"end":{"line":8,"column":58}},"8":{"start":{"line":11,"column":0},"end":{"line":103,"column":3}},"9":{"start":{"line":12,"column":68},"end":{"line":12,"column":77}},"10":{"start":{"line":14,"column":2},"end":{"line":18,"column":3}},"11":{"start":{"line":15,"column":4},"end":{"line":17,"column":7}},"12":{"start":{"line":20,"column":2},"end":{"line":102,"column":3}},"13":{"start":{"line":21,"column":18},"end":{"line":21,"column":37}},"14":{"start":{"line":22,"column":16},"end":{"line":22,"column":33}},"15":{"start":{"line":24,"column":4},"end":{"line":26,"column":5}},"16":{"start":{"line":25,"column":6},"end":{"line":25,"column":68}},"17":{"start":{"line":28,"column":16},"end":{"line":51,"column":5}},"18":{"start":{"line":54,"column":4},"end":{"line":56,"column":5}},"19":{"start":{"line":55,"column":6},"end":{"line":55,"column":106}},"20":{"start":{"line":57,"column":4},"end":{"line":59,"column":5}},"21":{"start":{"line":58,"column":6},"end":{"line":58,"column":106}},"22":{"start":{"line":62,"column":4},"end":{"line":64,"column":5}},"23":{"start":{"line":63,"column":6},"end":{"line":63,"column":65}},"24":{"start":{"line":67,"column":4},"end":{"line":75,"column":5}},"25":{"start":{"line":68,"column":6},"end":{"line":74,"column":8}},"26":{"start":{"line":71,"column":55},"end":{"line":71,"column":67}},"27":{"start":{"line":77,"column":16},"end":{"line":77,"column":57}},"28":{"start":{"line":80,"column":4},"end":{"line":96,"column":5}},"29":{"start":{"line":81,"column":24},"end":{"line":81,"column":39}},"30":{"start":{"line":82,"column":24},"end":{"line":82,"column":39}},"31":{"start":{"line":83,"column":26},"end":{"line":83,"column":44}},"32":{"start":{"line":85,"column":6},"end":{"line":95,"column":9}},"33":{"start":{"line":86,"column":8},"end":{"line":86,"column":81}},"34":{"start":{"line":86,"column":68},"end":{"line":86,"column":81}},"35":{"start":{"line":88,"column":25},"end":{"line":93,"column":9}},"36":{"start":{"line":94,"column":8},"end":{"line":94,"column":39}},"37":{"start":{"line":98,"column":4},"end":{"line":98,"column":20}},"38":{"start":{"line":100,"column":4},"end":{"line":100,"column":42}},"39":{"start":{"line":101,"column":4},"end":{"line":101,"column":70}},"40":{"start":{"line":106,"column":0},"end":{"line":129,"column":3}},"41":{"start":{"line":107,"column":2},"end":{"line":128,"column":3}},"42":{"start":{"line":108,"column":18},"end":{"line":122,"column":6}},"43":{"start":{"line":124,"column":4},"end":{"line":124,"column":20}},"44":{"start":{"line":126,"column":4},"end":{"line":126,"column":47}},"45":{"start":{"line":127,"column":4},"end":{"line":127,"column":75}},"46":{"start":{"line":133,"column":14},"end":{"line":133,"column":24}},"47":{"start":{"line":134,"column":19},"end":{"line":134,"column":36}},"48":{"start":{"line":135,"column":21},"end":{"line":135,"column":24}},"49":{"start":{"line":137,"column":21},"end":{"line":145,"column":7}},"50":{"start":{"line":138,"column":18},"end":{"line":138,"column":46}},"51":{"start":{"line":139,"column":16},"end":{"line":139,"column":42}},"52":{"start":{"line":140,"column":4},"end":{"line":143,"column":5}},"53":{"start":{"line":141,"column":19},"end":{"line":141,"column":56}},"54":{"start":{"line":142,"column":6},"end":{"line":142,"column":26}},"55":{"start":{"line":144,"column":4},"end":{"line":144,"column":17}},"56":{"start":{"line":147,"column":2},"end":{"line":147,"column":53}},"57":{"start":{"line":151,"column":0},"end":{"line":163,"column":3}},"58":{"start":{"line":152,"column":2},"end":{"line":162,"column":3}},"59":{"start":{"line":153,"column":22},"end":{"line":157,"column":6}},"60":{"start":{"line":158,"column":4},"end":{"line":158,"column":24}},"61":{"start":{"line":160,"column":4},"end":{"line":160,"column":45}},"62":{"start":{"line":161,"column":4},"end":{"line":161,"column":65}},"63":{"start":{"line":166,"column":0},"end":{"line":178,"column":3}},"64":{"start":{"line":167,"column":2},"end":{"line":177,"column":3}},"65":{"start":{"line":168,"column":22},"end":{"line":172,"column":6}},"66":{"start":{"line":173,"column":4},"end":{"line":173,"column":24}},"67":{"start":{"line":175,"column":4},"end":{"line":175,"column":45}},"68":{"start":{"line":176,"column":4},"end":{"line":176,"column":65}},"69":{"start":{"line":181,"column":0},"end":{"line":279,"column":3}},"70":{"start":{"line":182,"column":2},"end":{"line":182,"column":50}},"71":{"start":{"line":183,"column":2},"end":{"line":183,"column":44}},"72":{"start":{"line":185,"column":2},"end":{"line":278,"column":3}},"73":{"start":{"line":194,"column":8},"end":{"line":194,"column":16}},"74":{"start":{"line":196,"column":21},"end":{"line":196,"column":92}},"75":{"start":{"line":197,"column":22},"end":{"line":197,"column":96}},"76":{"start":{"line":200,"column":27},"end":{"line":200,"column":29}},"77":{"start":{"line":201,"column":4},"end":{"line":218,"column":5}},"78":{"start":{"line":202,"column":6},"end":{"line":217,"column":7}},"79":{"start":{"line":203,"column":8},"end":{"line":216,"column":9}},"80":{"start":{"line":204,"column":31},"end":{"line":204,"column":95}},"81":{"start":{"line":205,"column":25},"end":{"line":208,"column":12}},"82":{"start":{"line":210,"column":10},"end":{"line":212,"column":13}},"83":{"start":{"line":214,"column":10},"end":{"line":214,"column":60}},"84":{"start":{"line":215,"column":10},"end":{"line":215,"column":66}},"85":{"start":{"line":220,"column":19},"end":{"line":269,"column":6}},"86":{"start":{"line":222,"column":26},"end":{"line":232,"column":8}},"87":{"start":{"line":235,"column":22},"end":{"line":266,"column":8}},"88":{"start":{"line":246,"column":49},"end":{"line":250,"column":13}},"89":{"start":{"line":253,"column":47},"end":{"line":256,"column":13}},"90":{"start":{"line":268,"column":6},"end":{"line":268,"column":21}},"91":{"start":{"line":271,"column":4},"end":{"line":271,"column":33}},"92":{"start":{"line":273,"column":4},"end":{"line":273,"column":42}},"93":{"start":{"line":274,"column":4},"end":{"line":277,"column":7}},"94":{"start":{"line":282,"column":0},"end":{"line":414,"column":3}},"95":{"start":{"line":283,"column":2},"end":{"line":413,"column":3}},"96":{"start":{"line":284,"column":19},"end":{"line":284,"column":29}},"97":{"start":{"line":285,"column":4},"end":{"line":285,"column":48}},"98":{"start":{"line":286,"column":4},"end":{"line":286,"column":43}},"99":{"start":{"line":296,"column":8},"end":{"line":296,"column":16}},"100":{"start":{"line":298,"column":21},"end":{"line":298,"column":44}},"101":{"start":{"line":299,"column":22},"end":{"line":299,"column":46}},"102":{"start":{"line":300,"column":27},"end":{"line":300,"column":64}},"103":{"start":{"line":303,"column":27},"end":{"line":303,"column":29}},"104":{"start":{"line":304,"column":4},"end":{"line":321,"column":5}},"105":{"start":{"line":305,"column":6},"end":{"line":320,"column":7}},"106":{"start":{"line":306,"column":8},"end":{"line":319,"column":9}},"107":{"start":{"line":307,"column":31},"end":{"line":307,"column":95}},"108":{"start":{"line":308,"column":25},"end":{"line":311,"column":12}},"109":{"start":{"line":312,"column":10},"end":{"line":315,"column":13}},"110":{"start":{"line":317,"column":10},"end":{"line":317,"column":60}},"111":{"start":{"line":318,"column":10},"end":{"line":318,"column":66}},"112":{"start":{"line":323,"column":19},"end":{"line":403,"column":6}},"113":{"start":{"line":325,"column":6},"end":{"line":336,"column":7}},"114":{"start":{"line":326,"column":8},"end":{"line":335,"column":11}},"115":{"start":{"line":339,"column":6},"end":{"line":341,"column":9}},"116":{"start":{"line":343,"column":6},"end":{"line":350,"column":7}},"117":{"start":{"line":344,"column":8},"end":{"line":349,"column":11}},"118":{"start":{"line":345,"column":44},"end":{"line":348,"column":11}},"119":{"start":{"line":353,"column":6},"end":{"line":368,"column":7}},"120":{"start":{"line":355,"column":8},"end":{"line":357,"column":11}},"121":{"start":{"line":360,"column":8},"end":{"line":367,"column":11}},"122":{"start":{"line":364,"column":63},"end":{"line":364,"column":78}},"123":{"start":{"line":371,"column":6},"end":{"line":379,"column":7}},"124":{"start":{"line":372,"column":8},"end":{"line":378,"column":11}},"125":{"start":{"line":373,"column":43},"end":{"line":377,"column":11}},"126":{"start":{"line":382,"column":6},"end":{"line":402,"column":9}},"127":{"start":{"line":405,"column":4},"end":{"line":405,"column":21}},"128":{"start":{"line":407,"column":4},"end":{"line":407,"column":42}},"129":{"start":{"line":408,"column":4},"end":{"line":412,"column":7}},"130":{"start":{"line":417,"column":0},"end":{"line":442,"column":3}},"131":{"start":{"line":418,"column":17},"end":{"line":418,"column":27}},"132":{"start":{"line":420,"column":2},"end":{"line":441,"column":3}},"133":{"start":{"line":421,"column":4},"end":{"line":435,"column":7}},"134":{"start":{"line":423,"column":6},"end":{"line":425,"column":9}},"135":{"start":{"line":427,"column":6},"end":{"line":429,"column":9}},"136":{"start":{"line":432,"column":6},"end":{"line":434,"column":9}},"137":{"start":{"line":437,"column":4},"end":{"line":437,"column":63}},"138":{"start":{"line":439,"column":4},"end":{"line":439,"column":42}},"139":{"start":{"line":440,"column":4},"end":{"line":440,"column":69}},"140":{"start":{"line":445,"column":0},"end":{"line":474,"column":3}},"141":{"start":{"line":446,"column":17},"end":{"line":446,"column":27}},"142":{"start":{"line":448,"column":2},"end":{"line":473,"column":3}},"143":{"start":{"line":449,"column":18},"end":{"line":451,"column":6}},"144":{"start":{"line":453,"column":4},"end":{"line":467,"column":5}},"145":{"start":{"line":455,"column":23},"end":{"line":455,"column":55}},"146":{"start":{"line":456,"column":6},"end":{"line":462,"column":7}},"147":{"start":{"line":457,"column":8},"end":{"line":461,"column":9}},"148":{"start":{"line":458,"column":10},"end":{"line":458,"column":54}},"149":{"start":{"line":460,"column":10},"end":{"line":460,"column":69}},"150":{"start":{"line":464,"column":6},"end":{"line":466,"column":9}},"151":{"start":{"line":469,"column":4},"end":{"line":469,"column":56}},"152":{"start":{"line":471,"column":4},"end":{"line":471,"column":48}},"153":{"start":{"line":472,"column":4},"end":{"line":472,"column":62}},"154":{"start":{"line":477,"column":0},"end":{"line":534,"column":3}},"155":{"start":{"line":478,"column":17},"end":{"line":478,"column":27}},"156":{"start":{"line":479,"column":33},"end":{"line":479,"column":42}},"157":{"start":{"line":481,"column":2},"end":{"line":533,"column":3}},"158":{"start":{"line":483,"column":4},"end":{"line":490,"column":5}},"159":{"start":{"line":484,"column":20},"end":{"line":484,"column":39}},"160":{"start":{"line":485,"column":18},"end":{"line":485,"column":35}},"161":{"start":{"line":487,"column":6},"end":{"line":489,"column":7}},"162":{"start":{"line":488,"column":8},"end":{"line":488,"column":70}},"163":{"start":{"line":493,"column":17},"end":{"line":515,"column":6}},"164":{"start":{"line":517,"column":4},"end":{"line":519,"column":5}},"165":{"start":{"line":518,"column":6},"end":{"line":518,"column":71}},"166":{"start":{"line":522,"column":4},"end":{"line":524,"column":38}},"167":{"start":{"line":523,"column":25},"end":{"line":523,"column":39}},"168":{"start":{"line":524,"column":22},"end":{"line":524,"column":36}},"169":{"start":{"line":527,"column":4},"end":{"line":527,"column":25}},"170":{"start":{"line":529,"column":4},"end":{"line":529,"column":19}},"171":{"start":{"line":531,"column":4},"end":{"line":531,"column":51}},"172":{"start":{"line":532,"column":4},"end":{"line":532,"column":92}},"173":{"start":{"line":536,"column":0},"end":{"line":536,"column":24}}},"fnMap":{"0":{"name":"(anonymous_0)","decl":{"start":{"line":11,"column":16},"end":{"line":11,"column":17}},"loc":{"start":{"line":11,"column":36},"end":{"line":103,"column":1}},"line":11},"1":{"name":"(anonymous_1)","decl":{"start":{"line":71,"column":49},"end":{"line":71,"column":50}},"loc":{"start":{"line":71,"column":55},"end":{"line":71,"column":67}},"line":71},"2":{"name":"(anonymous_2)","decl":{"start":{"line":85,"column":27},"end":{"line":85,"column":28}},"loc":{"start":{"line":85,"column":35},"end":{"line":95,"column":7}},"line":85},"3":{"name":"(anonymous_3)","decl":{"start":{"line":106,"column":24},"end":{"line":106,"column":25}},"loc":{"start":{"line":106,"column":44},"end":{"line":129,"column":1}},"line":106},"4":{"name":"calculateOccupancyRate","decl":{"start":{"line":132,"column":9},"end":{"line":132,"column":31}},"loc":{"start":{"line":132,"column":42},"end":{"line":148,"column":1}},"line":132},"5":{"name":"(anonymous_5)","decl":{"start":{"line":137,"column":37},"end":{"line":137,"column":38}},"loc":{"start":{"line":137,"column":57},"end":{"line":145,"column":3}},"line":137},"6":{"name":"(anonymous_6)","decl":{"start":{"line":151,"column":25},"end":{"line":151,"column":26}},"loc":{"start":{"line":151,"column":45},"end":{"line":163,"column":1}},"line":151},"7":{"name":"(anonymous_7)","decl":{"start":{"line":166,"column":25},"end":{"line":166,"column":26}},"loc":{"start":{"line":166,"column":45},"end":{"line":178,"column":1}},"line":166},"8":{"name":"(anonymous_8)","decl":{"start":{"line":181,"column":45},"end":{"line":181,"column":46}},"loc":{"start":{"line":181,"column":65},"end":{"line":279,"column":1}},"line":181},"9":{"name":"(anonymous_9)","decl":{"start":{"line":220,"column":45},"end":{"line":220,"column":46}},"loc":{"start":{"line":220,"column":59},"end":{"line":269,"column":5}},"line":220},"10":{"name":"(anonymous_10)","decl":{"start":{"line":246,"column":34},"end":{"line":246,"column":35}},"loc":{"start":{"line":246,"column":49},"end":{"line":250,"column":13}},"line":246},"11":{"name":"(anonymous_11)","decl":{"start":{"line":253,"column":39},"end":{"line":253,"column":40}},"loc":{"start":{"line":253,"column":47},"end":{"line":256,"column":13}},"line":253},"12":{"name":"(anonymous_12)","decl":{"start":{"line":282,"column":47},"end":{"line":282,"column":48}},"loc":{"start":{"line":282,"column":67},"end":{"line":414,"column":1}},"line":282},"13":{"name":"(anonymous_13)","decl":{"start":{"line":323,"column":45},"end":{"line":323,"column":46}},"loc":{"start":{"line":323,"column":59},"end":{"line":403,"column":5}},"line":323},"14":{"name":"(anonymous_14)","decl":{"start":{"line":345,"column":30},"end":{"line":345,"column":31}},"loc":{"start":{"line":345,"column":44},"end":{"line":348,"column":11}},"line":345},"15":{"name":"(anonymous_15)","decl":{"start":{"line":364,"column":54},"end":{"line":364,"column":55}},"loc":{"start":{"line":364,"column":63},"end":{"line":364,"column":78}},"line":364},"16":{"name":"(anonymous_16)","decl":{"start":{"line":373,"column":35},"end":{"line":373,"column":36}},"loc":{"start":{"line":373,"column":43},"end":{"line":377,"column":11}},"line":373},"17":{"name":"(anonymous_17)","decl":{"start":{"line":417,"column":22},"end":{"line":417,"column":23}},"loc":{"start":{"line":417,"column":42},"end":{"line":442,"column":1}},"line":417},"18":{"name":"(anonymous_18)","decl":{"start":{"line":421,"column":30},"end":{"line":421,"column":31}},"loc":{"start":{"line":421,"column":44},"end":{"line":435,"column":5}},"line":421},"19":{"name":"(anonymous_19)","decl":{"start":{"line":445,"column":29},"end":{"line":445,"column":30}},"loc":{"start":{"line":445,"column":49},"end":{"line":474,"column":1}},"line":445},"20":{"name":"(anonymous_20)","decl":{"start":{"line":477,"column":19},"end":{"line":477,"column":20}},"loc":{"start":{"line":477,"column":39},"end":{"line":534,"column":1}},"line":477},"21":{"name":"(anonymous_21)","decl":{"start":{"line":523,"column":14},"end":{"line":523,"column":15}},"loc":{"start":{"line":523,"column":25},"end":{"line":523,"column":39}},"line":523},"22":{"name":"(anonymous_22)","decl":{"start":{"line":524,"column":11},"end":{"line":524,"column":12}},"loc":{"start":{"line":524,"column":22},"end":{"line":524,"column":36}},"line":524}},"branchMap":{"0":{"loc":{"start":{"line":12,"column":40},"end":{"line":12,"column":51}},"type":"default-arg","locations":[{"start":{"line":12,"column":49},"end":{"line":12,"column":51}}],"line":12},"1":{"loc":{"start":{"line":14,"column":2},"end":{"line":18,"column":3}},"type":"if","locations":[{"start":{"line":14,"column":2},"end":{"line":18,"column":3}},{"start":{},"end":{}}],"line":14},"2":{"loc":{"start":{"line":14,"column":6},"end":{"line":14,"column":28}},"type":"binary-expr","locations":[{"start":{"line":14,"column":6},"end":{"line":14,"column":16}},{"start":{"line":14,"column":20},"end":{"line":14,"column":28}}],"line":14},"3":{"loc":{"start":{"line":24,"column":4},"end":{"line":26,"column":5}},"type":"if","locations":[{"start":{"line":24,"column":4},"end":{"line":26,"column":5}},{"start":{},"end":{}}],"line":24},"4":{"loc":{"start":{"line":24,"column":8},"end":{"line":24,"column":54}},"type":"binary-expr","locations":[{"start":{"line":24,"column":8},"end":{"line":24,"column":30}},{"start":{"line":24,"column":34},"end":{"line":24,"column":54}}],"line":24},"5":{"loc":{"start":{"line":54,"column":4},"end":{"line":56,"column":5}},"type":"if","locations":[{"start":{"line":54,"column":4},"end":{"line":56,"column":5}},{"start":{},"end":{}}],"line":54},"6":{"loc":{"start":{"line":57,"column":4},"end":{"line":59,"column":5}},"type":"if","locations":[{"start":{"line":57,"column":4},"end":{"line":59,"column":5}},{"start":{},"end":{}}],"line":57},"7":{"loc":{"start":{"line":62,"column":4},"end":{"line":64,"column":5}},"type":"if","locations":[{"start":{"line":62,"column":4},"end":{"line":64,"column":5}},{"start":{},"end":{}}],"line":62},"8":{"loc":{"start":{"line":67,"column":4},"end":{"line":75,"column":5}},"type":"if","locations":[{"start":{"line":67,"column":4},"end":{"line":75,"column":5}},{"start":{},"end":{}}],"line":67},"9":{"loc":{"start":{"line":80,"column":4},"end":{"line":96,"column":5}},"type":"if","locations":[{"start":{"line":80,"column":4},"end":{"line":96,"column":5}},{"start":{},"end":{}}],"line":80},"10":{"loc":{"start":{"line":80,"column":8},"end":{"line":80,"column":18}},"type":"binary-expr","locations":[{"start":{"line":80,"column":8},"end":{"line":80,"column":11}},{"start":{"line":80,"column":15},"end":{"line":80,"column":18}}],"line":80},"11":{"loc":{"start":{"line":86,"column":8},"end":{"line":86,"column":81}},"type":"if","locations":[{"start":{"line":86,"column":8},"end":{"line":86,"column":81}},{"start":{},"end":{}}],"line":86},"12":{"loc":{"start":{"line":86,"column":12},"end":{"line":86,"column":66}},"type":"binary-expr","locations":[{"start":{"line":86,"column":12},"end":{"line":86,"column":36}},{"start":{"line":86,"column":40},"end":{"line":86,"column":66}}],"line":86},"13":{"loc":{"start":{"line":140,"column":4},"end":{"line":143,"column":5}},"type":"if","locations":[{"start":{"line":140,"column":4},"end":{"line":143,"column":5}},{"start":{},"end":{}}],"line":140},"14":{"loc":{"start":{"line":196,"column":21},"end":{"line":196,"column":92}},"type":"cond-expr","locations":[{"start":{"line":196,"column":55},"end":{"line":196,"column":78}},{"start":{"line":196,"column":81},"end":{"line":196,"column":92}}],"line":196},"15":{"loc":{"start":{"line":197,"column":22},"end":{"line":197,"column":96}},"type":"cond-expr","locations":[{"start":{"line":197,"column":57},"end":{"line":197,"column":81}},{"start":{"line":197,"column":84},"end":{"line":197,"column":96}}],"line":197},"16":{"loc":{"start":{"line":201,"column":4},"end":{"line":218,"column":5}},"type":"if","locations":[{"start":{"line":201,"column":4},"end":{"line":218,"column":5}},{"start":{},"end":{}}],"line":201},"17":{"loc":{"start":{"line":201,"column":8},"end":{"line":201,"column":41}},"type":"binary-expr","locations":[{"start":{"line":201,"column":8},"end":{"line":201,"column":17}},{"start":{"line":201,"column":21},"end":{"line":201,"column":41}}],"line":201},"18":{"loc":{"start":{"line":225,"column":25},"end":{"line":225,"column":53}},"type":"binary-expr","locations":[{"start":{"line":225,"column":25},"end":{"line":225,"column":47}},{"start":{"line":225,"column":51},"end":{"line":225,"column":53}}],"line":225},"19":{"loc":{"start":{"line":300,"column":38},"end":{"line":300,"column":63}},"type":"binary-expr","locations":[{"start":{"line":300,"column":38},"end":{"line":300,"column":55}},{"start":{"line":300,"column":59},"end":{"line":300,"column":63}}],"line":300},"20":{"loc":{"start":{"line":304,"column":4},"end":{"line":321,"column":5}},"type":"if","locations":[{"start":{"line":304,"column":4},"end":{"line":321,"column":5}},{"start":{},"end":{}}],"line":304},"21":{"loc":{"start":{"line":304,"column":8},"end":{"line":304,"column":41}},"type":"binary-expr","locations":[{"start":{"line":304,"column":8},"end":{"line":304,"column":17}},{"start":{"line":304,"column":21},"end":{"line":304,"column":41}}],"line":304},"22":{"loc":{"start":{"line":325,"column":6},"end":{"line":336,"column":7}},"type":"if","locations":[{"start":{"line":325,"column":6},"end":{"line":336,"column":7}},{"start":{},"end":{}}],"line":325},"23":{"loc":{"start":{"line":330,"column":27},"end":{"line":330,"column":55}},"type":"binary-expr","locations":[{"start":{"line":330,"column":27},"end":{"line":330,"column":49}},{"start":{"line":330,"column":53},"end":{"line":330,"column":55}}],"line":330},"24":{"loc":{"start":{"line":343,"column":6},"end":{"line":350,"column":7}},"type":"if","locations":[{"start":{"line":343,"column":6},"end":{"line":350,"column":7}},{"start":{},"end":{}}],"line":343},"25":{"loc":{"start":{"line":353,"column":6},"end":{"line":368,"column":7}},"type":"if","locations":[{"start":{"line":353,"column":6},"end":{"line":368,"column":7}},{"start":{"line":358,"column":13},"end":{"line":368,"column":7}}],"line":353},"26":{"loc":{"start":{"line":371,"column":6},"end":{"line":379,"column":7}},"type":"if","locations":[{"start":{"line":371,"column":6},"end":{"line":379,"column":7}},{"start":{},"end":{}}],"line":371},"27":{"loc":{"start":{"line":453,"column":4},"end":{"line":467,"column":5}},"type":"if","locations":[{"start":{"line":453,"column":4},"end":{"line":467,"column":5}},{"start":{},"end":{}}],"line":453},"28":{"loc":{"start":{"line":456,"column":6},"end":{"line":462,"column":7}},"type":"if","locations":[{"start":{"line":456,"column":6},"end":{"line":462,"column":7}},{"start":{},"end":{}}],"line":456},"29":{"loc":{"start":{"line":483,"column":4},"end":{"line":490,"column":5}},"type":"if","locations":[{"start":{"line":483,"column":4},"end":{"line":490,"column":5}},{"start":{},"end":{}}],"line":483},"30":{"loc":{"start":{"line":483,"column":8},"end":{"line":483,"column":28}},"type":"binary-expr","locations":[{"start":{"line":483,"column":8},"end":{"line":483,"column":17}},{"start":{"line":483,"column":21},"end":{"line":483,"column":28}}],"line":483},"31":{"loc":{"start":{"line":487,"column":6},"end":{"line":489,"column":7}},"type":"if","locations":[{"start":{"line":487,"column":6},"end":{"line":489,"column":7}},{"start":{},"end":{}}],"line":487},"32":{"loc":{"start":{"line":487,"column":10},"end":{"line":487,"column":56}},"type":"binary-expr","locations":[{"start":{"line":487,"column":10},"end":{"line":487,"column":32}},{"start":{"line":487,"column":36},"end":{"line":487,"column":56}}],"line":487},"33":{"loc":{"start":{"line":517,"column":4},"end":{"line":519,"column":5}},"type":"if","locations":[{"start":{"line":517,"column":4},"end":{"line":519,"column":5}},{"start":{},"end":{}}],"line":517}},"s":{"0":2,"1":2,"2":2,"3":2,"4":2,"5":2,"6":2,"7":2,"8":2,"9":2,"10":2,"11":1,"12":1,"13":1,"14":1,"15":1,"16":0,"17":1,"18":1,"19":0,"20":1,"21":0,"22":1,"23":0,"24":1,"25":0,"26":0,"27":1,"28":1,"29":0,"30":0,"31":0,"32":0,"33":0,"34":0,"35":0,"36":0,"37":1,"38":0,"39":0,"40":2,"41":0,"42":0,"43":0,"44":0,"45":0,"46":0,"47":0,"48":0,"49":0,"50":0,"51":0,"52":0,"53":0,"54":0,"55":0,"56":0,"57":2,"58":1,"59":1,"60":1,"61":0,"62":0,"63":2,"64":0,"65":0,"66":0,"67":0,"68":0,"69":2,"70":1,"71":1,"72":1,"73":1,"74":1,"75":1,"76":1,"77":1,"78":0,"79":0,"80":0,"81":0,"82":0,"83":0,"84":0,"85":1,"86":0,"87":0,"88":0,"89":0,"90":0,"91":1,"92":0,"93":0,"94":2,"95":0,"96":0,"97":0,"98":0,"99":0,"100":0,"101":0,"102":0,"103":0,"104":0,"105":0,"106":0,"107":0,"108":0,"109":0,"110":0,"111":0,"112":0,"113":0,"114":0,"115":0,"116":0,"117":0,"118":0,"119":0,"120":0,"121":0,"122":0,"123":0,"124":0,"125":0,"126":0,"127":0,"128":0,"129":0,"130":2,"131":0,"132":0,"133":0,"134":0,"135":0,"136":0,"137":0,"138":0,"139":0,"140":2,"141":0,"142":0,"143":0,"144":0,"145":0,"146":0,"147":0,"148":0,"149":0,"150":0,"151":0,"152":0,"153":0,"154":2,"155":0,"156":0,"157":0,"158":0,"159":0,"160":0,"161":0,"162":0,"163":0,"164":0,"165":0,"166":0,"167":0,"168":0,"169":0,"170":0,"171":0,"172":0,"173":2},"f":{"0":2,"1":0,"2":0,"3":0,"4":0,"5":0,"6":1,"7":0,"8":1,"9":0,"10":0,"11":0,"12":0,"13":0,"14":0,"15":0,"16":0,"17":0,"18":0,"19":0,"20":0,"21":0,"22":0},"b":{"0":[2],"1":[1,1],"2":[2,1],"3":[0,1],"4":[1,1],"5":[0,1],"6":[0,1],"7":[0,1],"8":[0,1],"9":[0,1],"10":[1,0],"11":[0,0],"12":[0,0],"13":[0,0],"14":[0,1],"15":[0,1],"16":[0,1],"17":[1,0],"18":[0,0],"19":[0,0],"20":[0,0],"21":[0,0],"22":[0,0],"23":[0,0],"24":[0,0],"25":[0,0],"26":[0,0],"27":[0,0],"28":[0,0],"29":[0,0],"30":[0,0],"31":[0,0],"32":[0,0],"33":[0,0]},"_coverageSchema":"1a1c01bbd47fc00a2c39e90264f33305004495a9","hash":"cc4c95db549910f25d7280afc1e1e3edcf81ab3f"}
,"C:\\Users\\kkaro\\OneDrive - Thomas More\\SecondYear2nd\\Web Programming\\airbnb_for_camping\\airbnb_backend\\routes\\dashboard.js": {"path":"C:\\Users\\kkaro\\OneDrive - Thomas More\\SecondYear2nd\\Web Programming\\airbnb_for_camping\\airbnb_backend\\routes\\dashboard.js","statementMap":{"0":{"start":{"line":1,"column":16},"end":{"line":1,"column":34}},"1":{"start":{"line":2,"column":15},"end":{"line":2,"column":31}},"2":{"start":{"line":3,"column":25},"end":{"line":3,"column":50}},"3":{"start":{"line":4,"column":15},"end":{"line":4,"column":33}},"4":{"start":{"line":6,"column":0},"end":{"line":131,"column":3}},"5":{"start":{"line":7,"column":2},"end":{"line":130,"column":3}},"6":{"start":{"line":8,"column":18},"end":{"line":8,"column":28}},"7":{"start":{"line":9,"column":28},"end":{"line":9,"column":78}},"8":{"start":{"line":10,"column":27},"end":{"line":10,"column":81}},"9":{"start":{"line":11,"column":30},"end":{"line":11,"column":84}},"10":{"start":{"line":13,"column":54},"end":{"line":79,"column":6}},"11":{"start":{"line":82,"column":28},"end":{"line":97,"column":6}},"12":{"start":{"line":83,"column":27},"end":{"line":83,"column":84}},"13":{"start":{"line":83,"column":60},"end":{"line":83,"column":80}},"14":{"start":{"line":84,"column":24},"end":{"line":86,"column":11}},"15":{"start":{"line":85,"column":8},"end":{"line":85,"column":84}},"16":{"start":{"line":88,"column":6},"end":{"line":96,"column":8}},"17":{"start":{"line":100,"column":4},"end":{"line":126,"column":7}},"18":{"start":{"line":115,"column":51},"end":{"line":115,"column":74}},"19":{"start":{"line":116,"column":54},"end":{"line":116,"column":83}},"20":{"start":{"line":117,"column":47},"end":{"line":125,"column":7}},"21":{"start":{"line":128,"column":4},"end":{"line":128,"column":45}},"22":{"start":{"line":129,"column":4},"end":{"line":129,"column":70}},"23":{"start":{"line":133,"column":0},"end":{"line":133,"column":24}}},"fnMap":{"0":{"name":"(anonymous_0)","decl":{"start":{"line":6,"column":25},"end":{"line":6,"column":26}},"loc":{"start":{"line":6,"column":45},"end":{"line":131,"column":1}},"line":6},"1":{"name":"(anonymous_1)","decl":{"start":{"line":82,"column":42},"end":{"line":82,"column":43}},"loc":{"start":{"line":82,"column":50},"end":{"line":97,"column":5}},"line":82},"2":{"name":"(anonymous_2)","decl":{"start":{"line":83,"column":48},"end":{"line":83,"column":49}},"loc":{"start":{"line":83,"column":60},"end":{"line":83,"column":80}},"line":83},"3":{"name":"(anonymous_3)","decl":{"start":{"line":84,"column":45},"end":{"line":84,"column":46}},"loc":{"start":{"line":84,"column":57},"end":{"line":86,"column":7}},"line":84},"4":{"name":"(anonymous_4)","decl":{"start":{"line":115,"column":41},"end":{"line":115,"column":42}},"loc":{"start":{"line":115,"column":51},"end":{"line":115,"column":74}},"line":115},"5":{"name":"(anonymous_5)","decl":{"start":{"line":116,"column":44},"end":{"line":116,"column":45}},"loc":{"start":{"line":116,"column":54},"end":{"line":116,"column":83}},"line":116},"6":{"name":"(anonymous_6)","decl":{"start":{"line":117,"column":41},"end":{"line":117,"column":42}},"loc":{"start":{"line":117,"column":47},"end":{"line":125,"column":7}},"line":117}},"branchMap":{"0":{"loc":{"start":{"line":94,"column":15},"end":{"line":94,"column":48}},"type":"cond-expr","locations":[{"start":{"line":94,"column":42},"end":{"line":94,"column":43}},{"start":{"line":94,"column":46},"end":{"line":94,"column":48}}],"line":94},"1":{"loc":{"start":{"line":102,"column":15},"end":{"line":102,"column":57}},"type":"binary-expr","locations":[{"start":{"line":102,"column":15},"end":{"line":102,"column":52}},{"start":{"line":102,"column":56},"end":{"line":102,"column":57}}],"line":102},"2":{"loc":{"start":{"line":103,"column":17},"end":{"line":103,"column":61}},"type":"binary-expr","locations":[{"start":{"line":103,"column":17},"end":{"line":103,"column":56}},{"start":{"line":103,"column":60},"end":{"line":103,"column":61}}],"line":103},"3":{"loc":{"start":{"line":104,"column":17},"end":{"line":104,"column":61}},"type":"binary-expr","locations":[{"start":{"line":104,"column":17},"end":{"line":104,"column":56}},{"start":{"line":104,"column":60},"end":{"line":104,"column":61}}],"line":104},"4":{"loc":{"start":{"line":105,"column":19},"end":{"line":105,"column":69}},"type":"binary-expr","locations":[{"start":{"line":105,"column":19},"end":{"line":105,"column":64}},{"start":{"line":105,"column":68},"end":{"line":105,"column":69}}],"line":105},"5":{"loc":{"start":{"line":106,"column":16},"end":{"line":106,"column":59}},"type":"binary-expr","locations":[{"start":{"line":106,"column":16},"end":{"line":106,"column":54}},{"start":{"line":106,"column":58},"end":{"line":106,"column":59}}],"line":106},"6":{"loc":{"start":{"line":111,"column":25},"end":{"line":111,"column":70}},"type":"binary-expr","locations":[{"start":{"line":111,"column":25},"end":{"line":111,"column":65}},{"start":{"line":111,"column":69},"end":{"line":111,"column":70}}],"line":111},"7":{"loc":{"start":{"line":112,"column":23},"end":{"line":112,"column":105}},"type":"binary-expr","locations":[{"start":{"line":112,"column":23},"end":{"line":112,"column":100}},{"start":{"line":112,"column":104},"end":{"line":112,"column":105}}],"line":112},"8":{"loc":{"start":{"line":113,"column":16},"end":{"line":113,"column":60}},"type":"binary-expr","locations":[{"start":{"line":113,"column":16},"end":{"line":113,"column":55}},{"start":{"line":113,"column":59},"end":{"line":113,"column":60}}],"line":113}},"s":{"0":2,"1":2,"2":2,"3":2,"4":2,"5":1,"6":1,"7":1,"8":1,"9":1,"10":1,"11":1,"12":1,"13":1,"14":1,"15":1,"16":1,"17":1,"18":0,"19":0,"20":1,"21":0,"22":0,"23":2},"f":{"0":1,"1":1,"2":1,"3":1,"4":0,"5":0,"6":1},"b":{"0":[1,0],"1":[1,0],"2":[1,0],"3":[1,0],"4":[1,0],"5":[1,1],"6":[1,0],"7":[1,0],"8":[1,1]},"_coverageSchema":"1a1c01bbd47fc00a2c39e90264f33305004495a9","hash":"7114aafca5f8b48953d9d66e2a31a28e46ca7fb3"}
,"C:\\Users\\kkaro\\OneDrive - Thomas More\\SecondYear2nd\\Web Programming\\airbnb_for_camping\\airbnb_backend\\routes\\index.js": {"path":"C:\\Users\\kkaro\\OneDrive - Thomas More\\SecondYear2nd\\Web Programming\\airbnb_for_camping\\airbnb_backend\\routes\\index.js","statementMap":{"0":{"start":{"line":1,"column":16},"end":{"line":1,"column":34}},"1":{"start":{"line":2,"column":15},"end":{"line":2,"column":31}},"2":{"start":{"line":5,"column":0},"end":{"line":7,"column":3}},"3":{"start":{"line":6,"column":2},"end":{"line":6,"column":44}},"4":{"start":{"line":9,"column":0},"end":{"line":9,"column":24}}},"fnMap":{"0":{"name":"(anonymous_0)","decl":{"start":{"line":5,"column":16},"end":{"line":5,"column":17}},"loc":{"start":{"line":5,"column":36},"end":{"line":7,"column":1}},"line":5}},"branchMap":{},"s":{"0":1,"1":1,"2":1,"3":1,"4":1},"f":{"0":1},"b":{},"_coverageSchema":"1a1c01bbd47fc00a2c39e90264f33305004495a9","hash":"64c55b130b2196a69a67e399d9f925f6c8737535"}
,"C:\\Users\\kkaro\\OneDrive - Thomas More\\SecondYear2nd\\Web Programming\\airbnb_for_camping\\airbnb_backend\\routes\\users.js": {"path":"C:\\Users\\kkaro\\OneDrive - Thomas More\\SecondYear2nd\\Web Programming\\airbnb_for_camping\\airbnb_backend\\routes\\users.js","statementMap":{"0":{"start":{"line":1,"column":16},"end":{"line":1,"column":34}},"1":{"start":{"line":2,"column":15},"end":{"line":2,"column":31}},"2":{"start":{"line":3,"column":25},"end":{"line":3,"column":50}},"3":{"start":{"line":4,"column":15},"end":{"line":4,"column":33}},"4":{"start":{"line":5,"column":25},"end":{"line":5,"column":57}},"5":{"start":{"line":6,"column":0},"end":{"line":6,"column":26}},"6":{"start":{"line":8,"column":17},"end":{"line":11,"column":1}},"7":{"start":{"line":14,"column":0},"end":{"line":46,"column":2}},"8":{"start":{"line":15,"column":65},"end":{"line":15,"column":73}},"9":{"start":{"line":16,"column":2},"end":{"line":45,"column":3}},"10":{"start":{"line":17,"column":21},"end":{"line":17,"column":79}},"11":{"start":{"line":18,"column":4},"end":{"line":18,"column":81}},"12":{"start":{"line":18,"column":18},"end":{"line":18,"column":81}},"13":{"start":{"line":20,"column":20},"end":{"line":30,"column":6}},"14":{"start":{"line":32,"column":4},"end":{"line":39,"column":5}},"15":{"start":{"line":33,"column":6},"end":{"line":38,"column":8}},"16":{"start":{"line":41,"column":4},"end":{"line":41,"column":53}},"17":{"start":{"line":43,"column":4},"end":{"line":43,"column":22}},"18":{"start":{"line":44,"column":4},"end":{"line":44,"column":60}},"19":{"start":{"line":49,"column":0},"end":{"line":85,"column":2}},"20":{"start":{"line":50,"column":65},"end":{"line":50,"column":73}},"21":{"start":{"line":52,"column":2},"end":{"line":84,"column":3}},"22":{"start":{"line":53,"column":21},"end":{"line":53,"column":79}},"23":{"start":{"line":55,"column":4},"end":{"line":78,"column":5}},"24":{"start":{"line":56,"column":22},"end":{"line":66,"column":8}},"25":{"start":{"line":68,"column":6},"end":{"line":75,"column":7}},"26":{"start":{"line":69,"column":8},"end":{"line":74,"column":10}},"27":{"start":{"line":77,"column":6},"end":{"line":77,"column":71}},"28":{"start":{"line":80,"column":4},"end":{"line":80,"column":60}},"29":{"start":{"line":82,"column":4},"end":{"line":82,"column":22}},"30":{"start":{"line":83,"column":4},"end":{"line":83,"column":58}},"31":{"start":{"line":88,"column":21},"end":{"line":115,"column":1}},"32":{"start":{"line":89,"column":2},"end":{"line":114,"column":3}},"33":{"start":{"line":90,"column":18},"end":{"line":90,"column":58}},"34":{"start":{"line":92,"column":4},"end":{"line":95,"column":5}},"35":{"start":{"line":93,"column":6},"end":{"line":93,"column":38}},"36":{"start":{"line":94,"column":6},"end":{"line":94,"column":61}},"37":{"start":{"line":97,"column":38},"end":{"line":97,"column":72}},"38":{"start":{"line":99,"column":4},"end":{"line":102,"column":5}},"39":{"start":{"line":100,"column":6},"end":{"line":100,"column":51}},"40":{"start":{"line":101,"column":6},"end":{"line":101,"column":61}},"41":{"start":{"line":104,"column":4},"end":{"line":107,"column":5}},"42":{"start":{"line":105,"column":6},"end":{"line":105,"column":44}},"43":{"start":{"line":106,"column":6},"end":{"line":106,"column":62}},"44":{"start":{"line":109,"column":4},"end":{"line":109,"column":27}},"45":{"start":{"line":110,"column":4},"end":{"line":110,"column":10}},"46":{"start":{"line":112,"column":4},"end":{"line":112,"column":47}},"47":{"start":{"line":113,"column":4},"end":{"line":113,"column":67}},"48":{"start":{"line":118,"column":0},"end":{"line":189,"column":3}},"49":{"start":{"line":119,"column":2},"end":{"line":188,"column":3}},"50":{"start":{"line":120,"column":18},"end":{"line":120,"column":40}},"51":{"start":{"line":122,"column":4},"end":{"line":124,"column":5}},"52":{"start":{"line":123,"column":6},"end":{"line":123,"column":66}},"53":{"start":{"line":126,"column":20},"end":{"line":178,"column":13}},"54":{"start":{"line":180,"column":4},"end":{"line":182,"column":5}},"55":{"start":{"line":181,"column":6},"end":{"line":181,"column":63}},"56":{"start":{"line":184,"column":4},"end":{"line":184,"column":25}},"57":{"start":{"line":186,"column":4},"end":{"line":186,"column":54}},"58":{"start":{"line":187,"column":4},"end":{"line":187,"column":61}},"59":{"start":{"line":192,"column":0},"end":{"line":207,"column":3}},"60":{"start":{"line":193,"column":17},"end":{"line":193,"column":27}},"61":{"start":{"line":194,"column":27},"end":{"line":194,"column":35}},"62":{"start":{"line":196,"column":2},"end":{"line":206,"column":3}},"63":{"start":{"line":197,"column":24},"end":{"line":200,"column":6}},"64":{"start":{"line":202,"column":4},"end":{"line":202,"column":26}},"65":{"start":{"line":204,"column":4},"end":{"line":204,"column":51}},"66":{"start":{"line":205,"column":4},"end":{"line":205,"column":61}},"67":{"start":{"line":209,"column":0},"end":{"line":209,"column":23}}},"fnMap":{"0":{"name":"(anonymous_0)","decl":{"start":{"line":14,"column":17},"end":{"line":14,"column":18}},"loc":{"start":{"line":14,"column":37},"end":{"line":46,"column":1}},"line":14},"1":{"name":"(anonymous_1)","decl":{"start":{"line":49,"column":21},"end":{"line":49,"column":22}},"loc":{"start":{"line":49,"column":41},"end":{"line":85,"column":1}},"line":49},"2":{"name":"(anonymous_2)","decl":{"start":{"line":88,"column":21},"end":{"line":88,"column":22}},"loc":{"start":{"line":88,"column":47},"end":{"line":115,"column":1}},"line":88},"3":{"name":"(anonymous_3)","decl":{"start":{"line":118,"column":39},"end":{"line":118,"column":40}},"loc":{"start":{"line":118,"column":59},"end":{"line":189,"column":1}},"line":118},"4":{"name":"(anonymous_4)","decl":{"start":{"line":192,"column":21},"end":{"line":192,"column":22}},"loc":{"start":{"line":192,"column":41},"end":{"line":207,"column":1}},"line":192}},"branchMap":{"0":{"loc":{"start":{"line":18,"column":4},"end":{"line":18,"column":81}},"type":"if","locations":[{"start":{"line":18,"column":4},"end":{"line":18,"column":81}},{"start":{},"end":{}}],"line":18},"1":{"loc":{"start":{"line":26,"column":17},"end":{"line":26,"column":47}},"type":"cond-expr","locations":[{"start":{"line":26,"column":38},"end":{"line":26,"column":41}},{"start":{"line":26,"column":44},"end":{"line":26,"column":47}}],"line":26},"2":{"loc":{"start":{"line":32,"column":4},"end":{"line":39,"column":5}},"type":"if","locations":[{"start":{"line":32,"column":4},"end":{"line":39,"column":5}},{"start":{},"end":{}}],"line":32},"3":{"loc":{"start":{"line":36,"column":19},"end":{"line":36,"column":36}},"type":"binary-expr","locations":[{"start":{"line":36,"column":19},"end":{"line":36,"column":26}},{"start":{"line":36,"column":30},"end":{"line":36,"column":36}}],"line":36},"4":{"loc":{"start":{"line":55,"column":4},"end":{"line":78,"column":5}},"type":"if","locations":[{"start":{"line":55,"column":4},"end":{"line":78,"column":5}},{"start":{},"end":{}}],"line":55},"5":{"loc":{"start":{"line":62,"column":19},"end":{"line":62,"column":49}},"type":"cond-expr","locations":[{"start":{"line":62,"column":40},"end":{"line":62,"column":43}},{"start":{"line":62,"column":46},"end":{"line":62,"column":49}}],"line":62},"6":{"loc":{"start":{"line":68,"column":6},"end":{"line":75,"column":7}},"type":"if","locations":[{"start":{"line":68,"column":6},"end":{"line":75,"column":7}},{"start":{},"end":{}}],"line":68},"7":{"loc":{"start":{"line":72,"column":21},"end":{"line":72,"column":38}},"type":"binary-expr","locations":[{"start":{"line":72,"column":21},"end":{"line":72,"column":28}},{"start":{"line":72,"column":32},"end":{"line":72,"column":38}}],"line":72},"8":{"loc":{"start":{"line":92,"column":4},"end":{"line":95,"column":5}},"type":"if","locations":[{"start":{"line":92,"column":4},"end":{"line":95,"column":5}},{"start":{},"end":{}}],"line":92},"9":{"loc":{"start":{"line":99,"column":4},"end":{"line":102,"column":5}},"type":"if","locations":[{"start":{"line":99,"column":4},"end":{"line":102,"column":5}},{"start":{},"end":{}}],"line":99},"10":{"loc":{"start":{"line":104,"column":4},"end":{"line":107,"column":5}},"type":"if","locations":[{"start":{"line":104,"column":4},"end":{"line":107,"column":5}},{"start":{},"end":{}}],"line":104},"11":{"loc":{"start":{"line":122,"column":4},"end":{"line":124,"column":5}},"type":"if","locations":[{"start":{"line":122,"column":4},"end":{"line":124,"column":5}},{"start":{},"end":{}}],"line":122},"12":{"loc":{"start":{"line":180,"column":4},"end":{"line":182,"column":5}},"type":"if","locations":[{"start":{"line":180,"column":4},"end":{"line":182,"column":5}},{"start":{},"end":{}}],"line":180},"13":{"loc":{"start":{"line":180,"column":8},"end":{"line":180,"column":40}},"type":"binary-expr","locations":[{"start":{"line":180,"column":8},"end":{"line":180,"column":16}},{"start":{"line":180,"column":20},"end":{"line":180,"column":40}}],"line":180}},"s":{"0":2,"1":2,"2":2,"3":2,"4":2,"5":2,"6":2,"7":2,"8":1,"9":1,"10":1,"11":1,"12":0,"13":1,"14":1,"15":0,"16":1,"17":0,"18":0,"19":2,"20":0,"21":0,"22":0,"23":0,"24":0,"25":0,"26":0,"27":0,"28":0,"29":0,"30":0,"31":2,"32":0,"33":0,"34":0,"35":0,"36":0,"37":0,"38":0,"39":0,"40":0,"41":0,"42":0,"43":0,"44":0,"45":0,"46":0,"47":0,"48":2,"49":0,"50":0,"51":0,"52":0,"53":0,"54":0,"55":0,"56":0,"57":0,"58":0,"59":2,"60":0,"61":0,"62":0,"63":0,"64":0,"65":0,"66":0,"67":2},"f":{"0":1,"1":0,"2":0,"3":0,"4":0},"b":{"0":[0,1],"1":[0,1],"2":[0,1],"3":[0,0],"4":[0,0],"5":[0,0],"6":[0,0],"7":[0,0],"8":[0,0],"9":[0,0],"10":[0,0],"11":[0,0],"12":[0,0],"13":[0,0]},"_coverageSchema":"1a1c01bbd47fc00a2c39e90264f33305004495a9","hash":"a17ed5bed6662d24e23289448be6d6a5dd74ec3a"}
,"C:\\Users\\kkaro\\OneDrive - Thomas More\\SecondYear2nd\\Web Programming\\airbnb_for_camping\\airbnb_backend\\utils\\cloudinary.js": {"path":"C:\\Users\\kkaro\\OneDrive - Thomas More\\SecondYear2nd\\Web Programming\\airbnb_for_camping\\airbnb_backend\\utils\\cloudinary.js","statementMap":{"0":{"start":{"line":1,"column":19},"end":{"line":1,"column":43}},"1":{"start":{"line":3,"column":0},"end":{"line":7,"column":3}},"2":{"start":{"line":9,"column":0},"end":{"line":9,"column":28}}},"fnMap":{},"branchMap":{},"s":{"0":2,"1":2,"2":2},"f":{},"b":{},"_coverageSchema":"1a1c01bbd47fc00a2c39e90264f33305004495a9","hash":"8e60d4857b09d34be4b5ba102d8fa11a87df2397"}
,"C:\\Users\\kkaro\\OneDrive - Thomas More\\SecondYear2nd\\Web Programming\\airbnb_for_camping\\airbnb_backend\\utils\\geocoding.js": {"path":"C:\\Users\\kkaro\\OneDrive - Thomas More\\SecondYear2nd\\Web Programming\\airbnb_for_camping\\airbnb_backend\\utils\\geocoding.js","statementMap":{"0":{"start":{"line":1,"column":14},"end":{"line":1,"column":30}},"1":{"start":{"line":5,"column":12},"end":{"line":5,"column":16}},"2":{"start":{"line":6,"column":15},"end":{"line":6,"column":33}},"3":{"start":{"line":7,"column":15},"end":{"line":7,"column":33}},"4":{"start":{"line":9,"column":4},"end":{"line":11,"column":39}},"5":{"start":{"line":12,"column":12},"end":{"line":12,"column":56}},"6":{"start":{"line":13,"column":2},"end":{"line":13,"column":15}},"7":{"start":{"line":17,"column":2},"end":{"line":17,"column":31}},"8":{"start":{"line":21,"column":2},"end":{"line":46,"column":3}},"9":{"start":{"line":22,"column":18},"end":{"line":24,"column":5}},"10":{"start":{"line":26,"column":21},"end":{"line":33,"column":5}},"11":{"start":{"line":35,"column":4},"end":{"line":40,"column":5}},"12":{"start":{"line":36,"column":6},"end":{"line":39,"column":8}},"13":{"start":{"line":42,"column":4},"end":{"line":42,"column":42}},"14":{"start":{"line":44,"column":4},"end":{"line":44,"column":45}},"15":{"start":{"line":45,"column":4},"end":{"line":45,"column":16}},"16":{"start":{"line":49,"column":0},"end":{"line":52,"column":2}}},"fnMap":{"0":{"name":"calculateDistance","decl":{"start":{"line":4,"column":9},"end":{"line":4,"column":26}},"loc":{"start":{"line":4,"column":51},"end":{"line":14,"column":1}},"line":4},"1":{"name":"toRad","decl":{"start":{"line":16,"column":9},"end":{"line":16,"column":14}},"loc":{"start":{"line":16,"column":22},"end":{"line":18,"column":1}},"line":16},"2":{"name":"geocodeAddress","decl":{"start":{"line":20,"column":15},"end":{"line":20,"column":29}},"loc":{"start":{"line":20,"column":39},"end":{"line":47,"column":1}},"line":20}},"branchMap":{"0":{"loc":{"start":{"line":23,"column":34},"end":{"line":23,"column":61}},"type":"binary-expr","locations":[{"start":{"line":23,"column":34},"end":{"line":23,"column":55}},{"start":{"line":23,"column":59},"end":{"line":23,"column":61}}],"line":23},"1":{"loc":{"start":{"line":35,"column":4},"end":{"line":40,"column":5}},"type":"if","locations":[{"start":{"line":35,"column":4},"end":{"line":40,"column":5}},{"start":{},"end":{}}],"line":35},"2":{"loc":{"start":{"line":35,"column":8},"end":{"line":35,"column":49}},"type":"binary-expr","locations":[{"start":{"line":35,"column":8},"end":{"line":35,"column":21}},{"start":{"line":35,"column":25},"end":{"line":35,"column":49}}],"line":35}},"s":{"0":2,"1":0,"2":0,"3":0,"4":0,"5":0,"6":0,"7":0,"8":0,"9":0,"10":0,"11":0,"12":0,"13":0,"14":0,"15":0,"16":2},"f":{"0":0,"1":0,"2":0},"b":{"0":[0,0],"1":[0,0],"2":[0,0]},"_coverageSchema":"1a1c01bbd47fc00a2c39e90264f33305004495a9","hash":"58e328e717cc25af176c4c9f5e0709d32ca6eb02"}
}
