{"C:\\Users\\kkaro\\OneDrive - Thomas More\\SecondYear2nd\\Web Programming\\airbnb_for_camping\\airbnb_backend\\app.js": {"path":"C:\\Users\\kkaro\\OneDrive - Thomas More\\SecondYear2nd\\Web Programming\\airbnb_for_camping\\airbnb_backend\\app.js","statementMap":{"0":{"start":{"line":1,"column":20},"end":{"line":1,"column":42}},"1":{"start":{"line":2,"column":16},"end":{"line":2,"column":34}},"2":{"start":{"line":3,"column":13},"end":{"line":3,"column":28}},"3":{"start":{"line":4,"column":21},"end":{"line":4,"column":45}},"4":{"start":{"line":5,"column":15},"end":{"line":5,"column":32}},"5":{"start":{"line":6,"column":25},"end":{"line":6,"column":50}},"6":{"start":{"line":8,"column":15},"end":{"line":8,"column":33}},"7":{"start":{"line":11,"column":20},"end":{"line":11,"column":45}},"8":{"start":{"line":12,"column":22},"end":{"line":12,"column":49}},"9":{"start":{"line":13,"column":19},"end":{"line":13,"column":44}},"10":{"start":{"line":14,"column":24},"end":{"line":14,"column":53}},"11":{"start":{"line":16,"column":12},"end":{"line":16,"column":21}},"12":{"start":{"line":19,"column":0},"end":{"line":19,"column":48}},"13":{"start":{"line":20,"column":0},"end":{"line":20,"column":31}},"14":{"start":{"line":22,"column":0},"end":{"line":22,"column":23}},"15":{"start":{"line":23,"column":0},"end":{"line":23,"column":24}},"16":{"start":{"line":24,"column":0},"end":{"line":24,"column":48}},"17":{"start":{"line":25,"column":0},"end":{"line":25,"column":24}},"18":{"start":{"line":26,"column":0},"end":{"line":26,"column":56}},"19":{"start":{"line":29,"column":0},"end":{"line":29,"column":26}},"20":{"start":{"line":30,"column":0},"end":{"line":30,"column":41}},"21":{"start":{"line":31,"column":0},"end":{"line":31,"column":34}},"22":{"start":{"line":32,"column":0},"end":{"line":32,"column":43}},"23":{"start":{"line":35,"column":0},"end":{"line":37,"column":3}},"24":{"start":{"line":36,"column":2},"end":{"line":36,"column":25}},"25":{"start":{"line":40,"column":0},"end":{"line":45,"column":3}},"26":{"start":{"line":41,"column":2},"end":{"line":41,"column":35}},"27":{"start":{"line":42,"column":2},"end":{"line":42,"column":69}},"28":{"start":{"line":43,"column":2},"end":{"line":43,"column":32}},"29":{"start":{"line":44,"column":2},"end":{"line":44,"column":22}},"30":{"start":{"line":47,"column":0},"end":{"line":47,"column":21}}},"fnMap":{"0":{"name":"(anonymous_0)","decl":{"start":{"line":35,"column":8},"end":{"line":35,"column":9}},"loc":{"start":{"line":35,"column":28},"end":{"line":37,"column":1}},"line":35},"1":{"name":"(anonymous_1)","decl":{"start":{"line":40,"column":8},"end":{"line":40,"column":9}},"loc":{"start":{"line":40,"column":33},"end":{"line":45,"column":1}},"line":40}},"branchMap":{"0":{"loc":{"start":{"line":42,"column":21},"end":{"line":42,"column":68}},"type":"cond-expr","locations":[{"start":{"line":42,"column":60},"end":{"line":42,"column":63}},{"start":{"line":42,"column":66},"end":{"line":42,"column":68}}],"line":42},"1":{"loc":{"start":{"line":43,"column":13},"end":{"line":43,"column":30}},"type":"binary-expr","locations":[{"start":{"line":43,"column":13},"end":{"line":43,"column":23}},{"start":{"line":43,"column":27},"end":{"line":43,"column":30}}],"line":43}},"s":{"0":1,"1":1,"2":1,"3":1,"4":1,"5":1,"6":1,"7":1,"8":1,"9":1,"10":1,"11":1,"12":1,"13":1,"14":1,"15":1,"16":1,"17":1,"18":1,"19":1,"20":1,"21":1,"22":1,"23":1,"24":1,"25":1,"26":1,"27":1,"28":1,"29":1,"30":1},"f":{"0":1,"1":1},"b":{"0":[0,1],"1":[1,0]},"_coverageSchema":"1a1c01bbd47fc00a2c39e90264f33305004495a9","hash":"bde790bb581db60b1a7aff48b80249a113fbfe37"}
,"C:\\Users\\kkaro\\OneDrive - Thomas More\\SecondYear2nd\\Web Programming\\airbnb_for_camping\\airbnb_backend\\routes\\campers.js": {"path":"C:\\Users\\kkaro\\OneDrive - Thomas More\\SecondYear2nd\\Web Programming\\airbnb_for_camping\\airbnb_backend\\routes\\campers.js","statementMap":{"0":{"start":{"line":1,"column":16},"end":{"line":1,"column":34}},"1":{"start":{"line":2,"column":15},"end":{"line":2,"column":31}},"2":{"start":{"line":3,"column":25},"end":{"line":3,"column":50}},"3":{"start":{"line":4,"column":15},"end":{"line":4,"column":33}},"4":{"start":{"line":7,"column":0},"end":{"line":82,"column":3}},"5":{"start":{"line":8,"column":45},"end":{"line":8,"column":54}},"6":{"start":{"line":11,"column":2},"end":{"line":16,"column":3}},"7":{"start":{"line":12,"column":4},"end":{"line":15,"column":7}},"8":{"start":{"line":18,"column":2},"end":{"line":81,"column":3}},"9":{"start":{"line":20,"column":18},"end":{"line":20,"column":37}},"10":{"start":{"line":21,"column":16},"end":{"line":21,"column":33}},"11":{"start":{"line":23,"column":4},"end":{"line":25,"column":5}},"12":{"start":{"line":24,"column":6},"end":{"line":24,"column":68}},"13":{"start":{"line":27,"column":18},"end":{"line":75,"column":6}},"14":{"start":{"line":55,"column":59},"end":{"line":55,"column":71}},"15":{"start":{"line":77,"column":4},"end":{"line":77,"column":20}},"16":{"start":{"line":79,"column":4},"end":{"line":79,"column":42}},"17":{"start":{"line":80,"column":4},"end":{"line":80,"column":70}},"18":{"start":{"line":85,"column":0},"end":{"line":138,"column":3}},"19":{"start":{"line":86,"column":22},"end":{"line":86,"column":32}},"20":{"start":{"line":88,"column":2},"end":{"line":137,"column":3}},"21":{"start":{"line":89,"column":18},"end":{"line":117,"column":6}},"22":{"start":{"line":120,"column":27},"end":{"line":131,"column":7}},"23":{"start":{"line":120,"column":46},"end":{"line":131,"column":5}},"24":{"start":{"line":125,"column":10},"end":{"line":126,"column":60}},"25":{"start":{"line":128,"column":50},"end":{"line":128,"column":70}},"26":{"start":{"line":133,"column":4},"end":{"line":133,"column":29}},"27":{"start":{"line":135,"column":4},"end":{"line":135,"column":47}},"28":{"start":{"line":136,"column":4},"end":{"line":136,"column":75}},"29":{"start":{"line":142,"column":14},"end":{"line":142,"column":24}},"30":{"start":{"line":143,"column":19},"end":{"line":143,"column":36}},"31":{"start":{"line":144,"column":21},"end":{"line":144,"column":24}},"32":{"start":{"line":146,"column":21},"end":{"line":154,"column":7}},"33":{"start":{"line":147,"column":18},"end":{"line":147,"column":46}},"34":{"start":{"line":148,"column":16},"end":{"line":148,"column":42}},"35":{"start":{"line":149,"column":4},"end":{"line":152,"column":5}},"36":{"start":{"line":150,"column":19},"end":{"line":150,"column":56}},"37":{"start":{"line":151,"column":6},"end":{"line":151,"column":26}},"38":{"start":{"line":153,"column":4},"end":{"line":153,"column":17}},"39":{"start":{"line":156,"column":2},"end":{"line":156,"column":53}},"40":{"start":{"line":160,"column":0},"end":{"line":167,"column":3}},"41":{"start":{"line":161,"column":2},"end":{"line":166,"column":3}},"42":{"start":{"line":162,"column":22},"end":{"line":162,"column":53}},"43":{"start":{"line":163,"column":4},"end":{"line":163,"column":24}},"44":{"start":{"line":165,"column":4},"end":{"line":165,"column":65}},"45":{"start":{"line":170,"column":0},"end":{"line":230,"column":3}},"46":{"start":{"line":171,"column":101},"end":{"line":171,"column":109}},"47":{"start":{"line":173,"column":2},"end":{"line":229,"column":3}},"48":{"start":{"line":174,"column":19},"end":{"line":223,"column":6}},"49":{"start":{"line":176,"column":26},"end":{"line":186,"column":8}},"50":{"start":{"line":189,"column":22},"end":{"line":220,"column":8}},"51":{"start":{"line":200,"column":49},"end":{"line":204,"column":13}},"52":{"start":{"line":207,"column":45},"end":{"line":210,"column":13}},"53":{"start":{"line":222,"column":6},"end":{"line":222,"column":21}},"54":{"start":{"line":225,"column":4},"end":{"line":225,"column":33}},"55":{"start":{"line":227,"column":4},"end":{"line":227,"column":42}},"56":{"start":{"line":228,"column":4},"end":{"line":228,"column":69}},"57":{"start":{"line":233,"column":0},"end":{"line":308,"column":3}},"58":{"start":{"line":234,"column":17},"end":{"line":234,"column":27}},"59":{"start":{"line":235,"column":91},"end":{"line":235,"column":99}},"60":{"start":{"line":237,"column":2},"end":{"line":307,"column":3}},"61":{"start":{"line":238,"column":19},"end":{"line":301,"column":6}},"62":{"start":{"line":240,"column":6},"end":{"line":253,"column":7}},"63":{"start":{"line":241,"column":8},"end":{"line":252,"column":11}},"64":{"start":{"line":256,"column":6},"end":{"line":270,"column":7}},"65":{"start":{"line":257,"column":8},"end":{"line":261,"column":11}},"66":{"start":{"line":264,"column":8},"end":{"line":269,"column":11}},"67":{"start":{"line":265,"column":45},"end":{"line":268,"column":11}},"68":{"start":{"line":273,"column":26},"end":{"line":298,"column":8}},"69":{"start":{"line":284,"column":47},"end":{"line":287,"column":15}},"70":{"start":{"line":300,"column":6},"end":{"line":300,"column":25}},"71":{"start":{"line":303,"column":4},"end":{"line":303,"column":21}},"72":{"start":{"line":305,"column":4},"end":{"line":305,"column":42}},"73":{"start":{"line":306,"column":4},"end":{"line":306,"column":69}},"74":{"start":{"line":311,"column":0},"end":{"line":336,"column":3}},"75":{"start":{"line":312,"column":17},"end":{"line":312,"column":27}},"76":{"start":{"line":314,"column":2},"end":{"line":335,"column":3}},"77":{"start":{"line":315,"column":4},"end":{"line":329,"column":7}},"78":{"start":{"line":317,"column":6},"end":{"line":319,"column":9}},"79":{"start":{"line":321,"column":6},"end":{"line":323,"column":9}},"80":{"start":{"line":326,"column":6},"end":{"line":328,"column":9}},"81":{"start":{"line":331,"column":4},"end":{"line":331,"column":63}},"82":{"start":{"line":333,"column":4},"end":{"line":333,"column":42}},"83":{"start":{"line":334,"column":4},"end":{"line":334,"column":69}},"84":{"start":{"line":338,"column":0},"end":{"line":338,"column":24}}},"fnMap":{"0":{"name":"(anonymous_0)","decl":{"start":{"line":7,"column":16},"end":{"line":7,"column":17}},"loc":{"start":{"line":7,"column":36},"end":{"line":82,"column":1}},"line":7},"1":{"name":"(anonymous_1)","decl":{"start":{"line":55,"column":53},"end":{"line":55,"column":54}},"loc":{"start":{"line":55,"column":59},"end":{"line":55,"column":71}},"line":55},"2":{"name":"(anonymous_2)","decl":{"start":{"line":85,"column":33},"end":{"line":85,"column":34}},"loc":{"start":{"line":85,"column":53},"end":{"line":138,"column":1}},"line":85},"3":{"name":"(anonymous_3)","decl":{"start":{"line":120,"column":37},"end":{"line":120,"column":38}},"loc":{"start":{"line":120,"column":46},"end":{"line":131,"column":5}},"line":120},"4":{"name":"(anonymous_4)","decl":{"start":{"line":124,"column":45},"end":{"line":124,"column":46}},"loc":{"start":{"line":125,"column":10},"end":{"line":126,"column":60}},"line":125},"5":{"name":"(anonymous_5)","decl":{"start":{"line":128,"column":38},"end":{"line":128,"column":39}},"loc":{"start":{"line":128,"column":50},"end":{"line":128,"column":70}},"line":128},"6":{"name":"calculateOccupancyRate","decl":{"start":{"line":141,"column":9},"end":{"line":141,"column":31}},"loc":{"start":{"line":141,"column":42},"end":{"line":157,"column":1}},"line":141},"7":{"name":"(anonymous_7)","decl":{"start":{"line":146,"column":37},"end":{"line":146,"column":38}},"loc":{"start":{"line":146,"column":57},"end":{"line":154,"column":3}},"line":146},"8":{"name":"(anonymous_8)","decl":{"start":{"line":160,"column":25},"end":{"line":160,"column":26}},"loc":{"start":{"line":160,"column":45},"end":{"line":167,"column":1}},"line":160},"9":{"name":"(anonymous_9)","decl":{"start":{"line":170,"column":17},"end":{"line":170,"column":18}},"loc":{"start":{"line":170,"column":37},"end":{"line":230,"column":1}},"line":170},"10":{"name":"(anonymous_10)","decl":{"start":{"line":174,"column":45},"end":{"line":174,"column":46}},"loc":{"start":{"line":174,"column":59},"end":{"line":223,"column":5}},"line":174},"11":{"name":"(anonymous_11)","decl":{"start":{"line":200,"column":34},"end":{"line":200,"column":35}},"loc":{"start":{"line":200,"column":49},"end":{"line":204,"column":13}},"line":200},"12":{"name":"(anonymous_12)","decl":{"start":{"line":207,"column":31},"end":{"line":207,"column":32}},"loc":{"start":{"line":207,"column":45},"end":{"line":210,"column":13}},"line":207},"13":{"name":"(anonymous_13)","decl":{"start":{"line":233,"column":19},"end":{"line":233,"column":20}},"loc":{"start":{"line":233,"column":39},"end":{"line":308,"column":1}},"line":233},"14":{"name":"(anonymous_14)","decl":{"start":{"line":238,"column":45},"end":{"line":238,"column":46}},"loc":{"start":{"line":238,"column":59},"end":{"line":301,"column":5}},"line":238},"15":{"name":"(anonymous_15)","decl":{"start":{"line":265,"column":30},"end":{"line":265,"column":31}},"loc":{"start":{"line":265,"column":45},"end":{"line":268,"column":11}},"line":265},"16":{"name":"(anonymous_16)","decl":{"start":{"line":284,"column":33},"end":{"line":284,"column":34}},"loc":{"start":{"line":284,"column":47},"end":{"line":287,"column":15}},"line":284},"17":{"name":"(anonymous_17)","decl":{"start":{"line":311,"column":22},"end":{"line":311,"column":23}},"loc":{"start":{"line":311,"column":42},"end":{"line":336,"column":1}},"line":311},"18":{"name":"(anonymous_18)","decl":{"start":{"line":315,"column":30},"end":{"line":315,"column":31}},"loc":{"start":{"line":315,"column":44},"end":{"line":329,"column":5}},"line":315}},"branchMap":{"0":{"loc":{"start":{"line":11,"column":2},"end":{"line":16,"column":3}},"type":"if","locations":[{"start":{"line":11,"column":2},"end":{"line":16,"column":3}},{"start":{},"end":{}}],"line":11},"1":{"loc":{"start":{"line":11,"column":6},"end":{"line":11,"column":28}},"type":"binary-expr","locations":[{"start":{"line":11,"column":6},"end":{"line":11,"column":16}},{"start":{"line":11,"column":20},"end":{"line":11,"column":28}}],"line":11},"2":{"loc":{"start":{"line":23,"column":4},"end":{"line":25,"column":5}},"type":"if","locations":[{"start":{"line":23,"column":4},"end":{"line":25,"column":5}},{"start":{},"end":{}}],"line":23},"3":{"loc":{"start":{"line":23,"column":8},"end":{"line":23,"column":54}},"type":"binary-expr","locations":[{"start":{"line":23,"column":8},"end":{"line":23,"column":30}},{"start":{"line":23,"column":34},"end":{"line":23,"column":54}}],"line":23},"4":{"loc":{"start":{"line":41,"column":12},"end":{"line":41,"column":90}},"type":"binary-expr","locations":[{"start":{"line":41,"column":12},"end":{"line":41,"column":28}},{"start":{"line":41,"column":32},"end":{"line":41,"column":90}}],"line":41},"5":{"loc":{"start":{"line":42,"column":12},"end":{"line":42,"column":90}},"type":"binary-expr","locations":[{"start":{"line":42,"column":12},"end":{"line":42,"column":28}},{"start":{"line":42,"column":32},"end":{"line":42,"column":90}}],"line":42},"6":{"loc":{"start":{"line":43,"column":12},"end":{"line":43,"column":85}},"type":"binary-expr","locations":[{"start":{"line":43,"column":12},"end":{"line":43,"column":29}},{"start":{"line":43,"column":33},"end":{"line":43,"column":85}}],"line":43},"7":{"loc":{"start":{"line":44,"column":12},"end":{"line":44,"column":85}},"type":"binary-expr","locations":[{"start":{"line":44,"column":12},"end":{"line":44,"column":29}},{"start":{"line":44,"column":33},"end":{"line":44,"column":85}}],"line":44},"8":{"loc":{"start":{"line":45,"column":12},"end":{"line":50,"column":14}},"type":"cond-expr","locations":[{"start":{"line":45,"column":49},"end":{"line":50,"column":9}},{"start":{"line":50,"column":12},"end":{"line":50,"column":14}}],"line":45},"9":{"loc":{"start":{"line":45,"column":12},"end":{"line":45,"column":46}},"type":"binary-expr","locations":[{"start":{"line":45,"column":12},"end":{"line":45,"column":24}},{"start":{"line":45,"column":28},"end":{"line":45,"column":46}}],"line":45},"10":{"loc":{"start":{"line":47,"column":16},"end":{"line":47,"column":89}},"type":"binary-expr","locations":[{"start":{"line":47,"column":16},"end":{"line":47,"column":28}},{"start":{"line":47,"column":32},"end":{"line":47,"column":89}}],"line":47},"11":{"loc":{"start":{"line":48,"column":16},"end":{"line":48,"column":82}},"type":"binary-expr","locations":[{"start":{"line":48,"column":16},"end":{"line":48,"column":34}},{"start":{"line":48,"column":38},"end":{"line":48,"column":82}}],"line":48},"12":{"loc":{"start":{"line":51,"column":12},"end":{"line":59,"column":9}},"type":"binary-expr","locations":[{"start":{"line":51,"column":12},"end":{"line":51,"column":29}},{"start":{"line":51,"column":33},"end":{"line":59,"column":9}}],"line":51},"13":{"loc":{"start":{"line":125,"column":10},"end":{"line":126,"column":60}},"type":"binary-expr","locations":[{"start":{"line":125,"column":10},"end":{"line":125,"column":58}},{"start":{"line":126,"column":10},"end":{"line":126,"column":60}}],"line":125},"14":{"loc":{"start":{"line":149,"column":4},"end":{"line":152,"column":5}},"type":"if","locations":[{"start":{"line":149,"column":4},"end":{"line":152,"column":5}},{"start":{},"end":{}}],"line":149},"15":{"loc":{"start":{"line":240,"column":6},"end":{"line":253,"column":7}},"type":"if","locations":[{"start":{"line":240,"column":6},"end":{"line":253,"column":7}},{"start":{},"end":{}}],"line":240},"16":{"loc":{"start":{"line":256,"column":6},"end":{"line":270,"column":7}},"type":"if","locations":[{"start":{"line":256,"column":6},"end":{"line":270,"column":7}},{"start":{},"end":{}}],"line":256},"17":{"loc":{"start":{"line":281,"column":14},"end":{"line":289,"column":11}},"type":"binary-expr","locations":[{"start":{"line":281,"column":14},"end":{"line":281,"column":20}},{"start":{"line":281,"column":24},"end":{"line":289,"column":11}}],"line":281}},"s":{"0":2,"1":2,"2":2,"3":2,"4":2,"5":2,"6":2,"7":1,"8":1,"9":1,"10":1,"11":1,"12":0,"13":1,"14":0,"15":1,"16":0,"17":0,"18":2,"19":0,"20":0,"21":0,"22":0,"23":0,"24":0,"25":0,"26":0,"27":0,"28":0,"29":0,"30":0,"31":0,"32":0,"33":0,"34":0,"35":0,"36":0,"37":0,"38":0,"39":0,"40":2,"41":1,"42":1,"43":1,"44":0,"45":2,"46":1,"47":1,"48":1,"49":0,"50":0,"51":0,"52":0,"53":0,"54":1,"55":0,"56":0,"57":2,"58":0,"59":0,"60":0,"61":0,"62":0,"63":0,"64":0,"65":0,"66":0,"67":0,"68":0,"69":0,"70":0,"71":0,"72":0,"73":0,"74":2,"75":0,"76":0,"77":0,"78":0,"79":0,"80":0,"81":0,"82":0,"83":0,"84":2},"f":{"0":2,"1":0,"2":0,"3":0,"4":0,"5":0,"6":0,"7":0,"8":1,"9":1,"10":0,"11":0,"12":0,"13":0,"14":0,"15":0,"16":0,"17":0,"18":0},"b":{"0":[1,1],"1":[2,1],"2":[0,1],"3":[1,1],"4":[1,0],"5":[1,0],"6":[1,0],"7":[1,0],"8":[0,1],"9":[1,1],"10":[0,0],"11":[0,0],"12":[1,0],"13":[0,0],"14":[0,0],"15":[0,0],"16":[0,0],"17":[0,0]},"_coverageSchema":"1a1c01bbd47fc00a2c39e90264f33305004495a9","hash":"5d4334b56f61030d7abb5f385c0c2567600a9a1b"}
,"C:\\Users\\kkaro\\OneDrive - Thomas More\\SecondYear2nd\\Web Programming\\airbnb_for_camping\\airbnb_backend\\routes\\dashboard.js": {"path":"C:\\Users\\kkaro\\OneDrive - Thomas More\\SecondYear2nd\\Web Programming\\airbnb_for_camping\\airbnb_backend\\routes\\dashboard.js","statementMap":{"0":{"start":{"line":1,"column":16},"end":{"line":1,"column":34}},"1":{"start":{"line":2,"column":15},"end":{"line":2,"column":31}},"2":{"start":{"line":3,"column":25},"end":{"line":3,"column":50}},"3":{"start":{"line":4,"column":15},"end":{"line":4,"column":33}},"4":{"start":{"line":6,"column":0},"end":{"line":122,"column":3}},"5":{"start":{"line":7,"column":2},"end":{"line":121,"column":3}},"6":{"start":{"line":8,"column":18},"end":{"line":8,"column":28}},"7":{"start":{"line":9,"column":28},"end":{"line":9,"column":78}},"8":{"start":{"line":10,"column":27},"end":{"line":10,"column":81}},"9":{"start":{"line":11,"column":30},"end":{"line":11,"column":84}},"10":{"start":{"line":13,"column":54},"end":{"line":70,"column":6}},"11":{"start":{"line":73,"column":28},"end":{"line":88,"column":6}},"12":{"start":{"line":74,"column":27},"end":{"line":74,"column":84}},"13":{"start":{"line":74,"column":60},"end":{"line":74,"column":80}},"14":{"start":{"line":75,"column":24},"end":{"line":77,"column":11}},"15":{"start":{"line":76,"column":8},"end":{"line":76,"column":84}},"16":{"start":{"line":79,"column":6},"end":{"line":87,"column":8}},"17":{"start":{"line":91,"column":4},"end":{"line":117,"column":7}},"18":{"start":{"line":106,"column":51},"end":{"line":106,"column":74}},"19":{"start":{"line":107,"column":54},"end":{"line":107,"column":83}},"20":{"start":{"line":108,"column":47},"end":{"line":116,"column":7}},"21":{"start":{"line":119,"column":4},"end":{"line":119,"column":45}},"22":{"start":{"line":120,"column":4},"end":{"line":120,"column":70}},"23":{"start":{"line":124,"column":0},"end":{"line":124,"column":24}}},"fnMap":{"0":{"name":"(anonymous_0)","decl":{"start":{"line":6,"column":25},"end":{"line":6,"column":26}},"loc":{"start":{"line":6,"column":45},"end":{"line":122,"column":1}},"line":6},"1":{"name":"(anonymous_1)","decl":{"start":{"line":73,"column":42},"end":{"line":73,"column":43}},"loc":{"start":{"line":73,"column":50},"end":{"line":88,"column":5}},"line":73},"2":{"name":"(anonymous_2)","decl":{"start":{"line":74,"column":48},"end":{"line":74,"column":49}},"loc":{"start":{"line":74,"column":60},"end":{"line":74,"column":80}},"line":74},"3":{"name":"(anonymous_3)","decl":{"start":{"line":75,"column":45},"end":{"line":75,"column":46}},"loc":{"start":{"line":75,"column":57},"end":{"line":77,"column":7}},"line":75},"4":{"name":"(anonymous_4)","decl":{"start":{"line":106,"column":41},"end":{"line":106,"column":42}},"loc":{"start":{"line":106,"column":51},"end":{"line":106,"column":74}},"line":106},"5":{"name":"(anonymous_5)","decl":{"start":{"line":107,"column":44},"end":{"line":107,"column":45}},"loc":{"start":{"line":107,"column":54},"end":{"line":107,"column":83}},"line":107},"6":{"name":"(anonymous_6)","decl":{"start":{"line":108,"column":41},"end":{"line":108,"column":42}},"loc":{"start":{"line":108,"column":47},"end":{"line":116,"column":7}},"line":108}},"branchMap":{"0":{"loc":{"start":{"line":85,"column":15},"end":{"line":85,"column":48}},"type":"cond-expr","locations":[{"start":{"line":85,"column":42},"end":{"line":85,"column":43}},{"start":{"line":85,"column":46},"end":{"line":85,"column":48}}],"line":85},"1":{"loc":{"start":{"line":93,"column":15},"end":{"line":93,"column":57}},"type":"binary-expr","locations":[{"start":{"line":93,"column":15},"end":{"line":93,"column":52}},{"start":{"line":93,"column":56},"end":{"line":93,"column":57}}],"line":93},"2":{"loc":{"start":{"line":94,"column":17},"end":{"line":94,"column":61}},"type":"binary-expr","locations":[{"start":{"line":94,"column":17},"end":{"line":94,"column":56}},{"start":{"line":94,"column":60},"end":{"line":94,"column":61}}],"line":94},"3":{"loc":{"start":{"line":95,"column":17},"end":{"line":95,"column":61}},"type":"binary-expr","locations":[{"start":{"line":95,"column":17},"end":{"line":95,"column":56}},{"start":{"line":95,"column":60},"end":{"line":95,"column":61}}],"line":95},"4":{"loc":{"start":{"line":96,"column":19},"end":{"line":96,"column":69}},"type":"binary-expr","locations":[{"start":{"line":96,"column":19},"end":{"line":96,"column":64}},{"start":{"line":96,"column":68},"end":{"line":96,"column":69}}],"line":96},"5":{"loc":{"start":{"line":97,"column":16},"end":{"line":97,"column":59}},"type":"binary-expr","locations":[{"start":{"line":97,"column":16},"end":{"line":97,"column":54}},{"start":{"line":97,"column":58},"end":{"line":97,"column":59}}],"line":97},"6":{"loc":{"start":{"line":102,"column":25},"end":{"line":102,"column":70}},"type":"binary-expr","locations":[{"start":{"line":102,"column":25},"end":{"line":102,"column":65}},{"start":{"line":102,"column":69},"end":{"line":102,"column":70}}],"line":102},"7":{"loc":{"start":{"line":103,"column":23},"end":{"line":103,"column":105}},"type":"binary-expr","locations":[{"start":{"line":103,"column":23},"end":{"line":103,"column":100}},{"start":{"line":103,"column":104},"end":{"line":103,"column":105}}],"line":103},"8":{"loc":{"start":{"line":104,"column":16},"end":{"line":104,"column":60}},"type":"binary-expr","locations":[{"start":{"line":104,"column":16},"end":{"line":104,"column":55}},{"start":{"line":104,"column":59},"end":{"line":104,"column":60}}],"line":104}},"s":{"0":2,"1":2,"2":2,"3":2,"4":2,"5":1,"6":1,"7":1,"8":1,"9":1,"10":1,"11":1,"12":1,"13":1,"14":1,"15":1,"16":1,"17":1,"18":0,"19":0,"20":1,"21":0,"22":0,"23":2},"f":{"0":1,"1":1,"2":1,"3":1,"4":0,"5":0,"6":1},"b":{"0":[1,0],"1":[1,0],"2":[1,0],"3":[1,0],"4":[1,0],"5":[1,1],"6":[1,0],"7":[1,0],"8":[1,1]},"_coverageSchema":"1a1c01bbd47fc00a2c39e90264f33305004495a9","hash":"49afa458564b6ca7070df4fb1d4770d67015744d"}
,"C:\\Users\\kkaro\\OneDrive - Thomas More\\SecondYear2nd\\Web Programming\\airbnb_for_camping\\airbnb_backend\\routes\\index.js": {"path":"C:\\Users\\kkaro\\OneDrive - Thomas More\\SecondYear2nd\\Web Programming\\airbnb_for_camping\\airbnb_backend\\routes\\index.js","statementMap":{"0":{"start":{"line":1,"column":16},"end":{"line":1,"column":34}},"1":{"start":{"line":2,"column":15},"end":{"line":2,"column":31}},"2":{"start":{"line":5,"column":0},"end":{"line":7,"column":3}},"3":{"start":{"line":6,"column":2},"end":{"line":6,"column":44}},"4":{"start":{"line":9,"column":0},"end":{"line":9,"column":24}}},"fnMap":{"0":{"name":"(anonymous_0)","decl":{"start":{"line":5,"column":16},"end":{"line":5,"column":17}},"loc":{"start":{"line":5,"column":36},"end":{"line":7,"column":1}},"line":5}},"branchMap":{},"s":{"0":1,"1":1,"2":1,"3":1,"4":1},"f":{"0":1},"b":{},"_coverageSchema":"1a1c01bbd47fc00a2c39e90264f33305004495a9","hash":"64c55b130b2196a69a67e399d9f925f6c8737535"}
,"C:\\Users\\kkaro\\OneDrive - Thomas More\\SecondYear2nd\\Web Programming\\airbnb_for_camping\\airbnb_backend\\routes\\users.js": {"path":"C:\\Users\\kkaro\\OneDrive - Thomas More\\SecondYear2nd\\Web Programming\\airbnb_for_camping\\airbnb_backend\\routes\\users.js","statementMap":{"0":{"start":{"line":1,"column":16},"end":{"line":1,"column":34}},"1":{"start":{"line":2,"column":15},"end":{"line":2,"column":31}},"2":{"start":{"line":3,"column":25},"end":{"line":3,"column":50}},"3":{"start":{"line":4,"column":15},"end":{"line":4,"column":33}},"4":{"start":{"line":5,"column":25},"end":{"line":5,"column":57}},"5":{"start":{"line":6,"column":0},"end":{"line":6,"column":26}},"6":{"start":{"line":8,"column":17},"end":{"line":11,"column":1}},"7":{"start":{"line":17,"column":0},"end":{"line":50,"column":2}},"8":{"start":{"line":18,"column":2},"end":{"line":18,"column":57}},"9":{"start":{"line":19,"column":51},"end":{"line":19,"column":59}},"10":{"start":{"line":21,"column":2},"end":{"line":49,"column":3}},"11":{"start":{"line":22,"column":21},"end":{"line":22,"column":79}},"12":{"start":{"line":23,"column":4},"end":{"line":23,"column":81}},"13":{"start":{"line":23,"column":18},"end":{"line":23,"column":81}},"14":{"start":{"line":25,"column":20},"end":{"line":34,"column":6}},"15":{"start":{"line":36,"column":4},"end":{"line":43,"column":5}},"16":{"start":{"line":37,"column":6},"end":{"line":42,"column":8}},"17":{"start":{"line":45,"column":4},"end":{"line":45,"column":53}},"18":{"start":{"line":47,"column":4},"end":{"line":47,"column":22}},"19":{"start":{"line":48,"column":4},"end":{"line":48,"column":60}},"20":{"start":{"line":52,"column":0},"end":{"line":88,"column":2}},"21":{"start":{"line":53,"column":67},"end":{"line":53,"column":75}},"22":{"start":{"line":55,"column":4},"end":{"line":87,"column":5}},"23":{"start":{"line":56,"column":23},"end":{"line":56,"column":81}},"24":{"start":{"line":58,"column":6},"end":{"line":81,"column":7}},"25":{"start":{"line":59,"column":24},"end":{"line":69,"column":10}},"26":{"start":{"line":71,"column":8},"end":{"line":78,"column":9}},"27":{"start":{"line":72,"column":10},"end":{"line":77,"column":12}},"28":{"start":{"line":80,"column":8},"end":{"line":80,"column":73}},"29":{"start":{"line":83,"column":6},"end":{"line":83,"column":69}},"30":{"start":{"line":85,"column":6},"end":{"line":85,"column":50}},"31":{"start":{"line":86,"column":6},"end":{"line":86,"column":59}},"32":{"start":{"line":91,"column":21},"end":{"line":103,"column":1}},"33":{"start":{"line":92,"column":16},"end":{"line":92,"column":56}},"34":{"start":{"line":93,"column":2},"end":{"line":93,"column":69}},"35":{"start":{"line":93,"column":14},"end":{"line":93,"column":69}},"36":{"start":{"line":95,"column":2},"end":{"line":102,"column":3}},"37":{"start":{"line":96,"column":38},"end":{"line":96,"column":72}},"38":{"start":{"line":97,"column":4},"end":{"line":97,"column":56}},"39":{"start":{"line":97,"column":24},"end":{"line":97,"column":56}},"40":{"start":{"line":98,"column":4},"end":{"line":98,"column":27}},"41":{"start":{"line":99,"column":4},"end":{"line":99,"column":10}},"42":{"start":{"line":101,"column":4},"end":{"line":101,"column":58}},"43":{"start":{"line":106,"column":0},"end":{"line":173,"column":2}},"44":{"start":{"line":107,"column":2},"end":{"line":172,"column":3}},"45":{"start":{"line":108,"column":18},"end":{"line":108,"column":40}},"46":{"start":{"line":110,"column":20},"end":{"line":162,"column":13}},"47":{"start":{"line":164,"column":4},"end":{"line":166,"column":5}},"48":{"start":{"line":165,"column":6},"end":{"line":165,"column":73}},"49":{"start":{"line":168,"column":4},"end":{"line":168,"column":24}},"50":{"start":{"line":170,"column":4},"end":{"line":170,"column":51}},"51":{"start":{"line":171,"column":4},"end":{"line":171,"column":60}},"52":{"start":{"line":191,"column":0},"end":{"line":191,"column":23}}},"fnMap":{"0":{"name":"(anonymous_0)","decl":{"start":{"line":17,"column":17},"end":{"line":17,"column":18}},"loc":{"start":{"line":17,"column":37},"end":{"line":50,"column":1}},"line":17},"1":{"name":"(anonymous_1)","decl":{"start":{"line":52,"column":21},"end":{"line":52,"column":22}},"loc":{"start":{"line":52,"column":41},"end":{"line":88,"column":1}},"line":52},"2":{"name":"(anonymous_2)","decl":{"start":{"line":91,"column":21},"end":{"line":91,"column":22}},"loc":{"start":{"line":91,"column":47},"end":{"line":103,"column":1}},"line":91},"3":{"name":"(anonymous_3)","decl":{"start":{"line":106,"column":39},"end":{"line":106,"column":40}},"loc":{"start":{"line":106,"column":59},"end":{"line":173,"column":1}},"line":106}},"branchMap":{"0":{"loc":{"start":{"line":23,"column":4},"end":{"line":23,"column":81}},"type":"if","locations":[{"start":{"line":23,"column":4},"end":{"line":23,"column":81}},{"start":{},"end":{}}],"line":23},"1":{"loc":{"start":{"line":31,"column":17},"end":{"line":31,"column":38}},"type":"cond-expr","locations":[{"start":{"line":31,"column":29},"end":{"line":31,"column":32}},{"start":{"line":31,"column":35},"end":{"line":31,"column":38}}],"line":31},"2":{"loc":{"start":{"line":36,"column":4},"end":{"line":43,"column":5}},"type":"if","locations":[{"start":{"line":36,"column":4},"end":{"line":43,"column":5}},{"start":{},"end":{}}],"line":36},"3":{"loc":{"start":{"line":40,"column":19},"end":{"line":40,"column":36}},"type":"binary-expr","locations":[{"start":{"line":40,"column":19},"end":{"line":40,"column":26}},{"start":{"line":40,"column":30},"end":{"line":40,"column":36}}],"line":40},"4":{"loc":{"start":{"line":58,"column":6},"end":{"line":81,"column":7}},"type":"if","locations":[{"start":{"line":58,"column":6},"end":{"line":81,"column":7}},{"start":{},"end":{}}],"line":58},"5":{"loc":{"start":{"line":65,"column":21},"end":{"line":65,"column":42}},"type":"cond-expr","locations":[{"start":{"line":65,"column":33},"end":{"line":65,"column":36}},{"start":{"line":65,"column":39},"end":{"line":65,"column":42}}],"line":65},"6":{"loc":{"start":{"line":71,"column":8},"end":{"line":78,"column":9}},"type":"if","locations":[{"start":{"line":71,"column":8},"end":{"line":78,"column":9}},{"start":{},"end":{}}],"line":71},"7":{"loc":{"start":{"line":75,"column":23},"end":{"line":75,"column":40}},"type":"binary-expr","locations":[{"start":{"line":75,"column":23},"end":{"line":75,"column":30}},{"start":{"line":75,"column":34},"end":{"line":75,"column":40}}],"line":75},"8":{"loc":{"start":{"line":93,"column":2},"end":{"line":93,"column":69}},"type":"if","locations":[{"start":{"line":93,"column":2},"end":{"line":93,"column":69}},{"start":{},"end":{}}],"line":93},"9":{"loc":{"start":{"line":97,"column":4},"end":{"line":97,"column":56}},"type":"if","locations":[{"start":{"line":97,"column":4},"end":{"line":97,"column":56}},{"start":{},"end":{}}],"line":97},"10":{"loc":{"start":{"line":97,"column":8},"end":{"line":97,"column":22}},"type":"binary-expr","locations":[{"start":{"line":97,"column":8},"end":{"line":97,"column":13}},{"start":{"line":97,"column":17},"end":{"line":97,"column":22}}],"line":97},"11":{"loc":{"start":{"line":164,"column":4},"end":{"line":166,"column":5}},"type":"if","locations":[{"start":{"line":164,"column":4},"end":{"line":166,"column":5}},{"start":{},"end":{}}],"line":164}},"s":{"0":2,"1":2,"2":2,"3":2,"4":2,"5":2,"6":2,"7":2,"8":2,"9":2,"10":2,"11":2,"12":2,"13":1,"14":1,"15":1,"16":0,"17":1,"18":0,"19":0,"20":2,"21":0,"22":0,"23":0,"24":0,"25":0,"26":0,"27":0,"28":0,"29":0,"30":0,"31":0,"32":2,"33":0,"34":0,"35":0,"36":0,"37":0,"38":0,"39":0,"40":0,"41":0,"42":0,"43":2,"44":0,"45":0,"46":0,"47":0,"48":0,"49":0,"50":0,"51":0,"52":2},"f":{"0":2,"1":0,"2":0,"3":0},"b":{"0":[1,1],"1":[0,1],"2":[0,1],"3":[0,0],"4":[0,0],"5":[0,0],"6":[0,0],"7":[0,0],"8":[0,0],"9":[0,0],"10":[0,0],"11":[0,0]},"_coverageSchema":"1a1c01bbd47fc00a2c39e90264f33305004495a9","hash":"f4493d932f44746c33c8c60b92e71eff205f4b55"}
}
