TN:
SF:app.js
FN:46,(anonymous_0)
FN:51,(anonymous_1)
FNF:2
FNH:2
FNDA:1,(anonymous_0)
FNDA:1,(anonymous_1)
DA:1,1
DA:2,1
DA:3,1
DA:4,1
DA:5,1
DA:6,1
DA:7,1
DA:9,1
DA:12,1
DA:13,1
DA:14,1
DA:15,1
DA:16,1
DA:18,1
DA:21,1
DA:29,1
DA:30,1
DA:32,1
DA:33,1
DA:34,1
DA:35,1
DA:36,1
DA:39,1
DA:40,1
DA:41,1
DA:42,1
DA:43,1
DA:46,1
DA:47,1
DA:51,1
DA:52,1
DA:53,1
DA:54,1
DA:55,1
DA:58,1
LF:35
LH:35
BRDA:53,0,0,0
BRDA:53,0,1,1
BRDA:54,1,0,1
BRDA:54,1,1,0
BRF:4
BRH:2
end_of_record
TN:
SF:routes\bookings.js
FN:8,(anonymous_0)
FN:28,(anonymous_1)
FNF:2
FNH:0
FNDA:0,(anonymous_0)
FNDA:0,(anonymous_1)
DA:1,1
DA:2,1
DA:3,1
DA:4,1
DA:5,1
DA:8,1
DA:9,0
DA:10,0
DA:12,0
DA:20,0
DA:22,0
DA:23,0
DA:28,1
DA:29,0
DA:38,0
DA:41,0
DA:42,0
DA:43,0
DA:47,0
DA:60,0
DA:62,0
DA:63,0
DA:67,1
LF:23
LH:8
BRDA:42,0,0,0
BRDA:42,0,1,0
BRF:2
BRH:0
end_of_record
TN:
SF:routes\campers.js
FN:11,(anonymous_0)
FN:71,(anonymous_1)
FN:85,(anonymous_2)
FN:106,(anonymous_3)
FN:132,calculateOccupancyRate
FN:137,(anonymous_5)
FN:151,(anonymous_6)
FN:166,(anonymous_7)
FN:181,(anonymous_8)
FN:220,(anonymous_9)
FN:246,(anonymous_10)
FN:253,(anonymous_11)
FN:282,(anonymous_12)
FN:323,(anonymous_13)
FN:345,(anonymous_14)
FN:364,(anonymous_15)
FN:373,(anonymous_16)
FN:417,(anonymous_17)
FN:421,(anonymous_18)
FN:445,(anonymous_19)
FN:477,(anonymous_20)
FN:523,(anonymous_21)
FN:524,(anonymous_22)
FNF:23
FNH:3
FNDA:2,(anonymous_0)
FNDA:0,(anonymous_1)
FNDA:0,(anonymous_2)
FNDA:0,(anonymous_3)
FNDA:0,calculateOccupancyRate
FNDA:0,(anonymous_5)
FNDA:1,(anonymous_6)
FNDA:0,(anonymous_7)
FNDA:1,(anonymous_8)
FNDA:0,(anonymous_9)
FNDA:0,(anonymous_10)
FNDA:0,(anonymous_11)
FNDA:0,(anonymous_12)
FNDA:0,(anonymous_13)
FNDA:0,(anonymous_14)
FNDA:0,(anonymous_15)
FNDA:0,(anonymous_16)
FNDA:0,(anonymous_17)
FNDA:0,(anonymous_18)
FNDA:0,(anonymous_19)
FNDA:0,(anonymous_20)
FNDA:0,(anonymous_21)
FNDA:0,(anonymous_22)
DA:1,2
DA:2,2
DA:3,2
DA:4,2
DA:5,2
DA:6,2
DA:7,2
DA:8,2
DA:11,2
DA:12,2
DA:14,2
DA:15,1
DA:20,1
DA:21,1
DA:22,1
DA:24,1
DA:25,0
DA:28,1
DA:54,1
DA:55,0
DA:57,1
DA:58,0
DA:62,1
DA:63,0
DA:67,1
DA:68,0
DA:71,0
DA:77,1
DA:80,1
DA:81,0
DA:82,0
DA:83,0
DA:85,0
DA:86,0
DA:88,0
DA:94,0
DA:98,1
DA:100,0
DA:101,0
DA:106,2
DA:107,0
DA:108,0
DA:124,0
DA:126,0
DA:127,0
DA:133,0
DA:134,0
DA:135,0
DA:137,0
DA:138,0
DA:139,0
DA:140,0
DA:141,0
DA:142,0
DA:144,0
DA:147,0
DA:151,2
DA:152,1
DA:153,1
DA:158,1
DA:160,0
DA:161,0
DA:166,2
DA:167,0
DA:168,0
DA:173,0
DA:175,0
DA:176,0
DA:181,2
DA:182,1
DA:183,1
DA:185,1
DA:194,1
DA:196,1
DA:197,1
DA:200,1
DA:201,1
DA:202,0
DA:203,0
DA:204,0
DA:205,0
DA:210,0
DA:214,0
DA:215,0
DA:220,1
DA:222,0
DA:235,0
DA:246,0
DA:253,0
DA:268,0
DA:271,1
DA:273,0
DA:274,0
DA:282,2
DA:283,0
DA:284,0
DA:285,0
DA:286,0
DA:296,0
DA:298,0
DA:299,0
DA:300,0
DA:303,0
DA:304,0
DA:305,0
DA:306,0
DA:307,0
DA:308,0
DA:312,0
DA:317,0
DA:318,0
DA:323,0
DA:325,0
DA:326,0
DA:339,0
DA:343,0
DA:344,0
DA:345,0
DA:353,0
DA:355,0
DA:360,0
DA:364,0
DA:371,0
DA:372,0
DA:373,0
DA:382,0
DA:405,0
DA:407,0
DA:408,0
DA:417,2
DA:418,0
DA:420,0
DA:421,0
DA:423,0
DA:427,0
DA:432,0
DA:437,0
DA:439,0
DA:440,0
DA:445,2
DA:446,0
DA:448,0
DA:449,0
DA:453,0
DA:455,0
DA:456,0
DA:457,0
DA:458,0
DA:460,0
DA:464,0
DA:469,0
DA:471,0
DA:472,0
DA:477,2
DA:478,0
DA:479,0
DA:481,0
DA:483,0
DA:484,0
DA:485,0
DA:487,0
DA:488,0
DA:493,0
DA:517,0
DA:518,0
DA:522,0
DA:523,0
DA:524,0
DA:527,0
DA:529,0
DA:531,0
DA:532,0
DA:536,2
LF:173
LH:46
BRDA:12,0,0,2
BRDA:14,1,0,1
BRDA:14,1,1,1
BRDA:14,2,0,2
BRDA:14,2,1,1
BRDA:24,3,0,0
BRDA:24,3,1,1
BRDA:24,4,0,1
BRDA:24,4,1,1
BRDA:54,5,0,0
BRDA:54,5,1,1
BRDA:57,6,0,0
BRDA:57,6,1,1
BRDA:62,7,0,0
BRDA:62,7,1,1
BRDA:67,8,0,0
BRDA:67,8,1,1
BRDA:80,9,0,0
BRDA:80,9,1,1
BRDA:80,10,0,1
BRDA:80,10,1,0
BRDA:86,11,0,0
BRDA:86,11,1,0
BRDA:86,12,0,0
BRDA:86,12,1,0
BRDA:140,13,0,0
BRDA:140,13,1,0
BRDA:196,14,0,0
BRDA:196,14,1,1
BRDA:197,15,0,0
BRDA:197,15,1,1
BRDA:201,16,0,0
BRDA:201,16,1,1
BRDA:201,17,0,1
BRDA:201,17,1,0
BRDA:225,18,0,0
BRDA:225,18,1,0
BRDA:300,19,0,0
BRDA:300,19,1,0
BRDA:304,20,0,0
BRDA:304,20,1,0
BRDA:304,21,0,0
BRDA:304,21,1,0
BRDA:325,22,0,0
BRDA:325,22,1,0
BRDA:330,23,0,0
BRDA:330,23,1,0
BRDA:343,24,0,0
BRDA:343,24,1,0
BRDA:353,25,0,0
BRDA:353,25,1,0
BRDA:371,26,0,0
BRDA:371,26,1,0
BRDA:453,27,0,0
BRDA:453,27,1,0
BRDA:456,28,0,0
BRDA:456,28,1,0
BRDA:483,29,0,0
BRDA:483,29,1,0
BRDA:483,30,0,0
BRDA:483,30,1,0
BRDA:487,31,0,0
BRDA:487,31,1,0
BRDA:487,32,0,0
BRDA:487,32,1,0
BRDA:517,33,0,0
BRDA:517,33,1,0
BRF:67
BRH:18
end_of_record
TN:
SF:routes\dashboard.js
FN:6,(anonymous_0)
FN:82,(anonymous_1)
FN:83,(anonymous_2)
FN:84,(anonymous_3)
FN:115,(anonymous_4)
FN:116,(anonymous_5)
FN:117,(anonymous_6)
FNF:7
FNH:5
FNDA:1,(anonymous_0)
FNDA:1,(anonymous_1)
FNDA:1,(anonymous_2)
FNDA:1,(anonymous_3)
FNDA:0,(anonymous_4)
FNDA:0,(anonymous_5)
FNDA:1,(anonymous_6)
DA:1,2
DA:2,2
DA:3,2
DA:4,2
DA:6,2
DA:7,1
DA:8,1
DA:9,1
DA:10,1
DA:11,1
DA:13,1
DA:82,1
DA:83,1
DA:84,1
DA:85,1
DA:88,1
DA:100,1
DA:115,0
DA:116,0
DA:117,1
DA:128,0
DA:129,0
DA:133,2
LF:23
LH:19
BRDA:94,0,0,1
BRDA:94,0,1,0
BRDA:102,1,0,1
BRDA:102,1,1,0
BRDA:103,2,0,1
BRDA:103,2,1,0
BRDA:104,3,0,1
BRDA:104,3,1,0
BRDA:105,4,0,1
BRDA:105,4,1,0
BRDA:106,5,0,1
BRDA:106,5,1,1
BRDA:111,6,0,1
BRDA:111,6,1,0
BRDA:112,7,0,1
BRDA:112,7,1,0
BRDA:113,8,0,1
BRDA:113,8,1,1
BRF:18
BRH:11
end_of_record
TN:
SF:routes\index.js
FN:5,(anonymous_0)
FNF:1
FNH:1
FNDA:1,(anonymous_0)
DA:1,1
DA:2,1
DA:5,1
DA:6,1
DA:9,1
LF:5
LH:5
BRF:0
BRH:0
end_of_record
TN:
SF:routes\users.js
FN:14,(anonymous_0)
FN:49,(anonymous_1)
FN:88,(anonymous_2)
FN:118,(anonymous_3)
FN:192,(anonymous_4)
FNF:5
FNH:1
FNDA:1,(anonymous_0)
FNDA:0,(anonymous_1)
FNDA:0,(anonymous_2)
FNDA:0,(anonymous_3)
FNDA:0,(anonymous_4)
DA:1,2
DA:2,2
DA:3,2
DA:4,2
DA:5,2
DA:6,2
DA:8,2
DA:14,2
DA:15,1
DA:16,1
DA:17,1
DA:18,1
DA:20,1
DA:32,1
DA:33,0
DA:41,1
DA:43,0
DA:44,0
DA:49,2
DA:50,0
DA:52,0
DA:53,0
DA:55,0
DA:56,0
DA:68,0
DA:69,0
DA:77,0
DA:80,0
DA:82,0
DA:83,0
DA:88,2
DA:89,0
DA:90,0
DA:92,0
DA:93,0
DA:94,0
DA:97,0
DA:99,0
DA:100,0
DA:101,0
DA:104,0
DA:105,0
DA:106,0
DA:109,0
DA:110,0
DA:112,0
DA:113,0
DA:118,2
DA:119,0
DA:120,0
DA:122,0
DA:123,0
DA:126,0
DA:180,0
DA:181,0
DA:184,0
DA:186,0
DA:187,0
DA:192,2
DA:193,0
DA:194,0
DA:196,0
DA:197,0
DA:202,0
DA:204,0
DA:205,0
DA:209,2
LF:67
LH:20
BRDA:18,0,0,0
BRDA:18,0,1,1
BRDA:26,1,0,0
BRDA:26,1,1,1
BRDA:32,2,0,0
BRDA:32,2,1,1
BRDA:36,3,0,0
BRDA:36,3,1,0
BRDA:55,4,0,0
BRDA:55,4,1,0
BRDA:62,5,0,0
BRDA:62,5,1,0
BRDA:68,6,0,0
BRDA:68,6,1,0
BRDA:72,7,0,0
BRDA:72,7,1,0
BRDA:92,8,0,0
BRDA:92,8,1,0
BRDA:99,9,0,0
BRDA:99,9,1,0
BRDA:104,10,0,0
BRDA:104,10,1,0
BRDA:122,11,0,0
BRDA:122,11,1,0
BRDA:180,12,0,0
BRDA:180,12,1,0
BRDA:180,13,0,0
BRDA:180,13,1,0
BRF:28
BRH:3
end_of_record
TN:
SF:utils\cloudinary.js
FNF:0
FNH:0
DA:1,2
DA:3,2
DA:9,2
LF:3
LH:3
BRF:0
BRH:0
end_of_record
TN:
SF:utils\geocoding.js
FN:4,calculateDistance
FN:16,toRad
FN:20,geocodeAddress
FNF:3
FNH:0
FNDA:0,calculateDistance
FNDA:0,toRad
FNDA:0,geocodeAddress
DA:1,2
DA:5,0
DA:6,0
DA:7,0
DA:9,0
DA:12,0
DA:13,0
DA:17,0
DA:21,0
DA:22,0
DA:26,0
DA:35,0
DA:36,0
DA:42,0
DA:44,0
DA:45,0
DA:49,2
LF:17
LH:2
BRDA:23,0,0,0
BRDA:23,0,1,0
BRDA:35,1,0,0
BRDA:35,1,1,0
BRDA:35,2,0,0
BRDA:35,2,1,0
BRF:6
BRH:0
end_of_record
