TN:
SF:app.js
FN:35,(anonymous_0)
FN:40,(anonymous_1)
FNF:2
FNH:2
FNDA:1,(anonymous_0)
FNDA:1,(anonymous_1)
DA:1,1
DA:2,1
DA:3,1
DA:4,1
DA:5,1
DA:6,1
DA:8,1
DA:11,1
DA:12,1
DA:13,1
DA:14,1
DA:16,1
DA:19,1
DA:20,1
DA:22,1
DA:23,1
DA:24,1
DA:25,1
DA:26,1
DA:29,1
DA:30,1
DA:31,1
DA:32,1
DA:35,1
DA:36,1
DA:40,1
DA:41,1
DA:42,1
DA:43,1
DA:44,1
DA:47,1
LF:31
LH:31
BRDA:42,0,0,0
BRDA:42,0,1,1
BRDA:43,1,0,1
BRDA:43,1,1,0
BRF:4
BRH:2
end_of_record
TN:
SF:routes\campers.js
FN:7,(anonymous_0)
FN:55,(anonymous_1)
FN:85,(anonymous_2)
FN:120,(anonymous_3)
FN:124,(anonymous_4)
FN:128,(anonymous_5)
FN:141,calculateOccupancyRate
FN:146,(anonymous_7)
FN:160,(anonymous_8)
FN:170,(anonymous_9)
FN:174,(anonymous_10)
FN:200,(anonymous_11)
FN:207,(anonymous_12)
FN:233,(anonymous_13)
FN:238,(anonymous_14)
FN:265,(anonymous_15)
FN:284,(anonymous_16)
FN:311,(anonymous_17)
FN:315,(anonymous_18)
FNF:19
FNH:3
FNDA:2,(anonymous_0)
FNDA:0,(anonymous_1)
FNDA:0,(anonymous_2)
FNDA:0,(anonymous_3)
FNDA:0,(anonymous_4)
FNDA:0,(anonymous_5)
FNDA:0,calculateOccupancyRate
FNDA:0,(anonymous_7)
FNDA:1,(anonymous_8)
FNDA:1,(anonymous_9)
FNDA:0,(anonymous_10)
FNDA:0,(anonymous_11)
FNDA:0,(anonymous_12)
FNDA:0,(anonymous_13)
FNDA:0,(anonymous_14)
FNDA:0,(anonymous_15)
FNDA:0,(anonymous_16)
FNDA:0,(anonymous_17)
FNDA:0,(anonymous_18)
DA:1,2
DA:2,2
DA:3,2
DA:4,2
DA:7,2
DA:8,2
DA:11,2
DA:12,1
DA:18,1
DA:20,1
DA:21,1
DA:23,1
DA:24,0
DA:27,1
DA:55,0
DA:77,1
DA:79,0
DA:80,0
DA:85,2
DA:86,0
DA:88,0
DA:89,0
DA:120,0
DA:125,0
DA:128,0
DA:133,0
DA:135,0
DA:136,0
DA:142,0
DA:143,0
DA:144,0
DA:146,0
DA:147,0
DA:148,0
DA:149,0
DA:150,0
DA:151,0
DA:153,0
DA:156,0
DA:160,2
DA:161,1
DA:162,1
DA:163,1
DA:165,0
DA:170,2
DA:171,1
DA:173,1
DA:174,1
DA:176,0
DA:189,0
DA:200,0
DA:207,0
DA:222,0
DA:225,1
DA:227,0
DA:228,0
DA:233,2
DA:234,0
DA:235,0
DA:237,0
DA:238,0
DA:240,0
DA:241,0
DA:256,0
DA:257,0
DA:264,0
DA:265,0
DA:273,0
DA:284,0
DA:300,0
DA:303,0
DA:305,0
DA:306,0
DA:311,2
DA:312,0
DA:314,0
DA:315,0
DA:317,0
DA:321,0
DA:326,0
DA:331,0
DA:333,0
DA:334,0
DA:338,2
LF:84
LH:27
BRDA:11,0,0,1
BRDA:11,0,1,1
BRDA:11,1,0,2
BRDA:11,1,1,1
BRDA:23,2,0,0
BRDA:23,2,1,1
BRDA:23,3,0,1
BRDA:23,3,1,1
BRDA:41,4,0,1
BRDA:41,4,1,0
BRDA:42,5,0,1
BRDA:42,5,1,0
BRDA:43,6,0,1
BRDA:43,6,1,0
BRDA:44,7,0,1
BRDA:44,7,1,0
BRDA:45,8,0,0
BRDA:45,8,1,1
BRDA:45,9,0,1
BRDA:45,9,1,1
BRDA:47,10,0,0
BRDA:47,10,1,0
BRDA:48,11,0,0
BRDA:48,11,1,0
BRDA:51,12,0,1
BRDA:51,12,1,0
BRDA:125,13,0,0
BRDA:125,13,1,0
BRDA:149,14,0,0
BRDA:149,14,1,0
BRDA:240,15,0,0
BRDA:240,15,1,0
BRDA:256,16,0,0
BRDA:256,16,1,0
BRDA:281,17,0,0
BRDA:281,17,1,0
BRF:36
BRH:15
end_of_record
TN:
SF:routes\dashboard.js
FN:6,(anonymous_0)
FN:73,(anonymous_1)
FN:74,(anonymous_2)
FN:75,(anonymous_3)
FN:106,(anonymous_4)
FN:107,(anonymous_5)
FN:108,(anonymous_6)
FNF:7
FNH:5
FNDA:1,(anonymous_0)
FNDA:1,(anonymous_1)
FNDA:1,(anonymous_2)
FNDA:1,(anonymous_3)
FNDA:0,(anonymous_4)
FNDA:0,(anonymous_5)
FNDA:1,(anonymous_6)
DA:1,2
DA:2,2
DA:3,2
DA:4,2
DA:6,2
DA:7,1
DA:8,1
DA:9,1
DA:10,1
DA:11,1
DA:13,1
DA:73,1
DA:74,1
DA:75,1
DA:76,1
DA:79,1
DA:91,1
DA:106,0
DA:107,0
DA:108,1
DA:119,0
DA:120,0
DA:124,2
LF:23
LH:19
BRDA:85,0,0,1
BRDA:85,0,1,0
BRDA:93,1,0,1
BRDA:93,1,1,0
BRDA:94,2,0,1
BRDA:94,2,1,0
BRDA:95,3,0,1
BRDA:95,3,1,0
BRDA:96,4,0,1
BRDA:96,4,1,0
BRDA:97,5,0,1
BRDA:97,5,1,1
BRDA:102,6,0,1
BRDA:102,6,1,0
BRDA:103,7,0,1
BRDA:103,7,1,0
BRDA:104,8,0,1
BRDA:104,8,1,1
BRF:18
BRH:11
end_of_record
TN:
SF:routes\index.js
FN:5,(anonymous_0)
FNF:1
FNH:1
FNDA:1,(anonymous_0)
DA:1,1
DA:2,1
DA:5,1
DA:6,1
DA:9,1
LF:5
LH:5
BRF:0
BRH:0
end_of_record
TN:
SF:routes\users.js
FN:17,(anonymous_0)
FN:52,(anonymous_1)
FN:91,(anonymous_2)
FN:106,(anonymous_3)
FNF:4
FNH:1
FNDA:2,(anonymous_0)
FNDA:0,(anonymous_1)
FNDA:0,(anonymous_2)
FNDA:0,(anonymous_3)
DA:1,2
DA:2,2
DA:3,2
DA:4,2
DA:5,2
DA:6,2
DA:8,2
DA:17,2
DA:18,2
DA:19,2
DA:21,2
DA:22,2
DA:23,2
DA:25,1
DA:36,1
DA:37,0
DA:45,1
DA:47,0
DA:48,0
DA:52,2
DA:53,0
DA:55,0
DA:56,0
DA:58,0
DA:59,0
DA:71,0
DA:72,0
DA:80,0
DA:83,0
DA:85,0
DA:86,0
DA:91,2
DA:92,0
DA:93,0
DA:95,0
DA:96,0
DA:97,0
DA:98,0
DA:99,0
DA:101,0
DA:106,2
DA:107,0
DA:108,0
DA:110,0
DA:164,0
DA:165,0
DA:168,0
DA:170,0
DA:171,0
DA:191,2
LF:50
LH:20
BRDA:23,0,0,1
BRDA:23,0,1,1
BRDA:31,1,0,0
BRDA:31,1,1,1
BRDA:36,2,0,0
BRDA:36,2,1,1
BRDA:40,3,0,0
BRDA:40,3,1,0
BRDA:58,4,0,0
BRDA:58,4,1,0
BRDA:65,5,0,0
BRDA:65,5,1,0
BRDA:71,6,0,0
BRDA:71,6,1,0
BRDA:75,7,0,0
BRDA:75,7,1,0
BRDA:93,8,0,0
BRDA:93,8,1,0
BRDA:97,9,0,0
BRDA:97,9,1,0
BRDA:97,10,0,0
BRDA:97,10,1,0
BRDA:164,11,0,0
BRDA:164,11,1,0
BRF:24
BRH:4
end_of_record
